Started GET "/restaurants" for 127.0.0.1 at 2023-03-21 11:39:17 +0300
  
ActionController::RoutingError (No route matches [GET] "/restaurants"):
  
Started GET "/restaurants" for 127.0.0.1 at 2023-03-21 11:40:30 +0300
Processing by RestaurantsController#index as */*
Completed 500 Internal Server Error in 62ms (Allocations: 19718)


  
Zeitwerk::NameError (expected file /home/sandra/Development/projects/phase-4-code-challenges/phase-4-code-challenge/pizzas_app/app/models/restaurant.rb to define constant Restaurant, but didn't):
  
app/controllers/restaurants_controller.rb:5:in `index'
Started GET "/restaurants" for 127.0.0.1 at 2023-03-21 11:41:43 +0300
Processing by RestaurantsController#index as */*
  [1m[36mRestaurant Load (0.6ms)[0m  [1m[34mSELECT "restaurants".* FROM "restaurants"[0m
  ↳ app/controllers/restaurants_controller.rb:6:in `index'
Completed 500 Internal Server Error in 37ms (ActiveRecord: 1.1ms | Allocations: 7116)


  
ActiveRecord::StatementInvalid (SQLite3::SQLException: no such table: restaurants):
  
app/controllers/restaurants_controller.rb:6:in `index'
  [1m[35m (9.9ms)[0m  [1m[35mCREATE TABLE "schema_migrations" ("version" varchar NOT NULL PRIMARY KEY)[0m
  [1m[35m (5.1ms)[0m  [1m[35mCREATE TABLE "ar_internal_metadata" ("key" varchar NOT NULL PRIMARY KEY, "value" varchar, "created_at" datetime(6) NOT NULL, "updated_at" datetime(6) NOT NULL)[0m
  [1m[36mActiveRecord::SchemaMigration Pluck (0.1ms)[0m  [1m[34mSELECT "schema_migrations"."version" FROM "schema_migrations" ORDER BY "schema_migrations"."version" ASC[0m
Migrating to CreatePizzas (20230321085809)
  [1m[36mTRANSACTION (0.1ms)[0m  [1m[36mbegin transaction[0m
  [1m[35m (0.3ms)[0m  [1m[35mCREATE TABLE "pizzas" ("id" integer PRIMARY KEY AUTOINCREMENT NOT NULL, "name" varchar, "ingredients" varchar, "created_at" datetime(6) NOT NULL, "updated_at" datetime(6) NOT NULL)[0m
  [1m[36mActiveRecord::SchemaMigration Create (0.2ms)[0m  [1m[32mINSERT INTO "schema_migrations" ("version") VALUES (?)[0m  [["version", "20230321085809"]]
  [1m[36mTRANSACTION (10.1ms)[0m  [1m[36mcommit transaction[0m
Migrating to CreateRestaurants (20230321085832)
  [1m[36mTRANSACTION (0.1ms)[0m  [1m[36mbegin transaction[0m
  [1m[35m (0.6ms)[0m  [1m[35mCREATE TABLE "restaurants" ("id" integer PRIMARY KEY AUTOINCREMENT NOT NULL, "name" varchar, "address" varchar, "created_at" datetime(6) NOT NULL, "updated_at" datetime(6) NOT NULL)[0m
  [1m[36mActiveRecord::SchemaMigration Create (0.2ms)[0m  [1m[32mINSERT INTO "schema_migrations" ("version") VALUES (?)[0m  [["version", "20230321085832"]]
  [1m[36mTRANSACTION (10.9ms)[0m  [1m[36mcommit transaction[0m
Migrating to CreateRestaurantPizzas (20230321090055)
  [1m[36mTRANSACTION (0.1ms)[0m  [1m[36mbegin transaction[0m
  [1m[35m (0.6ms)[0m  [1m[35mCREATE TABLE "restaurant_pizzas" ("id" integer PRIMARY KEY AUTOINCREMENT NOT NULL, "price" integer, "pizza_id" integer NOT NULL, "restaurant_id" integer NOT NULL, "created_at" datetime(6) NOT NULL, "updated_at" datetime(6) NOT NULL, CONSTRAINT "fk_rails_ab3bb148dc"
FOREIGN KEY ("pizza_id")
  REFERENCES "pizzas" ("id")
, CONSTRAINT "fk_rails_f279821f06"
FOREIGN KEY ("restaurant_id")
  REFERENCES "restaurants" ("id")
)[0m
  [1m[35m (0.4ms)[0m  [1m[35mCREATE INDEX "index_restaurant_pizzas_on_pizza_id" ON "restaurant_pizzas" ("pizza_id")[0m
  [1m[35m (0.6ms)[0m  [1m[35mCREATE INDEX "index_restaurant_pizzas_on_restaurant_id" ON "restaurant_pizzas" ("restaurant_id")[0m
  [1m[36mActiveRecord::SchemaMigration Create (0.4ms)[0m  [1m[32mINSERT INTO "schema_migrations" ("version") VALUES (?)[0m  [["version", "20230321090055"]]
  [1m[36mTRANSACTION (6.7ms)[0m  [1m[36mcommit transaction[0m
  [1m[36mActiveRecord::InternalMetadata Load (0.7ms)[0m  [1m[34mSELECT "ar_internal_metadata".* FROM "ar_internal_metadata" WHERE "ar_internal_metadata"."key" = ? LIMIT ?[0m  [["key", "environment"], ["LIMIT", 1]]
  [1m[36mTRANSACTION (0.2ms)[0m  [1m[36mbegin transaction[0m
  [1m[36mActiveRecord::InternalMetadata Create (0.4ms)[0m  [1m[32mINSERT INTO "ar_internal_metadata" ("key", "value", "created_at", "updated_at") VALUES (?, ?, ?, ?)[0m  [["key", "environment"], ["value", "development"], ["created_at", "2023-03-21 09:01:33.849890"], ["updated_at", "2023-03-21 09:01:33.849890"]]
  [1m[36mTRANSACTION (4.5ms)[0m  [1m[36mcommit transaction[0m
  [1m[36mActiveRecord::SchemaMigration Pluck (0.2ms)[0m  [1m[34mSELECT "schema_migrations"."version" FROM "schema_migrations" ORDER BY "schema_migrations"."version" ASC[0m
Started GET "/restaurants" for 127.0.0.1 at 2023-03-21 12:08:17 +0300
  [1m[36mActiveRecord::SchemaMigration Pluck (0.4ms)[0m  [1m[34mSELECT "schema_migrations"."version" FROM "schema_migrations" ORDER BY "schema_migrations"."version" ASC[0m
Processing by RestaurantsController#index as */*
  [1m[36mRestaurant Load (0.4ms)[0m  [1m[34mSELECT "restaurants".* FROM "restaurants"[0m
  ↳ app/controllers/restaurants_controller.rb:6:in `index'
Completed 200 OK in 44ms (Views: 2.7ms | ActiveRecord: 0.4ms | Allocations: 22838)


  [1m[36mActiveRecord::SchemaMigration Pluck (0.2ms)[0m  [1m[34mSELECT "schema_migrations"."version" FROM "schema_migrations" ORDER BY "schema_migrations"."version" ASC[0m
  [1m[36mActiveRecord::SchemaMigration Pluck (0.1ms)[0m  [1m[34mSELECT "schema_migrations"."version" FROM "schema_migrations" ORDER BY "schema_migrations"."version" ASC[0m
  [1m[36mTRANSACTION (0.1ms)[0m  [1m[36mbegin transaction[0m
  [1m[36mRestaurant Create (0.4ms)[0m  [1m[32mINSERT INTO "restaurants" ("name", "address", "created_at", "updated_at") VALUES (?, ?, ?, ?)[0m  [["name", "Smokestack Pub"], ["address", "64583 Leuschke Mews, South Dusty, NC 46793-6067"], ["created_at", "2023-03-21 09:18:25.458337"], ["updated_at", "2023-03-21 09:18:25.458337"]]
  [1m[36mTRANSACTION (11.0ms)[0m  [1m[36mcommit transaction[0m
  [1m[36mTRANSACTION (0.1ms)[0m  [1m[36mbegin transaction[0m
  [1m[36mRestaurant Create (0.3ms)[0m  [1m[32mINSERT INTO "restaurants" ("name", "address", "created_at", "updated_at") VALUES (?, ?, ?, ?)[0m  [["name", "Sweet BBQ"], ["address", "Suite 844 9330 Williamson Estates, Rogahnmouth, IL 26418"], ["created_at", "2023-03-21 09:18:25.475147"], ["updated_at", "2023-03-21 09:18:25.475147"]]
  [1m[36mTRANSACTION (5.6ms)[0m  [1m[36mcommit transaction[0m
  [1m[36mTRANSACTION (0.1ms)[0m  [1m[36mbegin transaction[0m
  [1m[36mRestaurant Create (0.3ms)[0m  [1m[32mINSERT INTO "restaurants" ("name", "address", "created_at", "updated_at") VALUES (?, ?, ?, ?)[0m  [["name", "Blue Plate Deli"], ["address", "Suite 808 7287 Marita Mountains, Rileymouth, LA 89772-6316"], ["created_at", "2023-03-21 09:18:25.486399"], ["updated_at", "2023-03-21 09:18:25.486399"]]
  [1m[36mTRANSACTION (4.0ms)[0m  [1m[36mcommit transaction[0m
  [1m[36mTRANSACTION (0.1ms)[0m  [1m[36mbegin transaction[0m
  [1m[36mRestaurant Create (0.3ms)[0m  [1m[32mINSERT INTO "restaurants" ("name", "address", "created_at", "updated_at") VALUES (?, ?, ?, ?)[0m  [["name", "PW Shakes"], ["address", "Suite 182 32381 Hackett Union, New Emory, SC 64694-2300"], ["created_at", "2023-03-21 09:18:25.495877"], ["updated_at", "2023-03-21 09:18:25.495877"]]
  [1m[36mTRANSACTION (3.9ms)[0m  [1m[36mcommit transaction[0m
  [1m[36mTRANSACTION (0.1ms)[0m  [1m[36mbegin transaction[0m
  [1m[36mRestaurant Create (0.3ms)[0m  [1m[32mINSERT INTO "restaurants" ("name", "address", "created_at", "updated_at") VALUES (?, ?, ?, ?)[0m  [["name", "HS Cafe"], ["address", "Apt. 330 25819 Sha Plaza, Cristiehaven, NC 57086"], ["created_at", "2023-03-21 09:18:25.504134"], ["updated_at", "2023-03-21 09:18:25.504134"]]
  [1m[36mTRANSACTION (5.4ms)[0m  [1m[36mcommit transaction[0m
  [1m[36mTRANSACTION (0.1ms)[0m  [1m[36mbegin transaction[0m
  [1m[36mRestaurant Create (0.2ms)[0m  [1m[32mINSERT INTO "restaurants" ("name", "address", "created_at", "updated_at") VALUES (?, ?, ?, ?)[0m  [["name", "Blue Subs"], ["address", "Suite 767 2534 Morar Well, West Bennyside, AZ 40977"], ["created_at", "2023-03-21 09:18:25.514529"], ["updated_at", "2023-03-21 09:18:25.514529"]]
  [1m[36mTRANSACTION (3.8ms)[0m  [1m[36mcommit transaction[0m
  [1m[36mTRANSACTION (0.1ms)[0m  [1m[36mbegin transaction[0m
  [1m[36mRestaurant Create (0.2ms)[0m  [1m[32mINSERT INTO "restaurants" ("name", "address", "created_at", "updated_at") VALUES (?, ?, ?, ?)[0m  [["name", "Fat Box"], ["address", "Suite 383 8877 Sharie Landing, Wintheiserhaven, IL 39903"], ["created_at", "2023-03-21 09:18:25.522308"], ["updated_at", "2023-03-21 09:18:25.522308"]]
  [1m[36mTRANSACTION (3.7ms)[0m  [1m[36mcommit transaction[0m
  [1m[36mTRANSACTION (0.1ms)[0m  [1m[36mbegin transaction[0m
  [1m[36mRestaurant Create (0.3ms)[0m  [1m[32mINSERT INTO "restaurants" ("name", "address", "created_at", "updated_at") VALUES (?, ?, ?, ?)[0m  [["name", "Fast Bar & Grill"], ["address", "Suite 252 779 Mohr Plain, Kuhlmanport, AL 58829"], ["created_at", "2023-03-21 09:18:25.529906"], ["updated_at", "2023-03-21 09:18:25.529906"]]
  [1m[36mTRANSACTION (3.5ms)[0m  [1m[36mcommit transaction[0m
  [1m[36mTRANSACTION (0.1ms)[0m  [1m[36mbegin transaction[0m
  [1m[36mRestaurant Create (0.3ms)[0m  [1m[32mINSERT INTO "restaurants" ("name", "address", "created_at", "updated_at") VALUES (?, ?, ?, ?)[0m  [["name", "Red Kitchen"], ["address", "Apt. 279 8157 Upton Walk, Esthermouth, ID 49557"], ["created_at", "2023-03-21 09:18:25.537659"], ["updated_at", "2023-03-21 09:18:25.537659"]]
  [1m[36mTRANSACTION (4.2ms)[0m  [1m[36mcommit transaction[0m
  [1m[36mTRANSACTION (0.1ms)[0m  [1m[36mbegin transaction[0m
  [1m[36mRestaurant Create (0.5ms)[0m  [1m[32mINSERT INTO "restaurants" ("name", "address", "created_at", "updated_at") VALUES (?, ?, ?, ?)[0m  [["name", "63 BBQ"], ["address", "Suite 881 497 White Stream, Kennithland, MO 83836"], ["created_at", "2023-03-21 09:18:25.549091"], ["updated_at", "2023-03-21 09:18:25.549091"]]
  [1m[36mTRANSACTION (4.3ms)[0m  [1m[36mcommit transaction[0m
  [1m[36mTRANSACTION (0.1ms)[0m  [1m[36mbegin transaction[0m
  [1m[36mRestaurant Create (0.6ms)[0m  [1m[32mINSERT INTO "restaurants" ("name", "address", "created_at", "updated_at") VALUES (?, ?, ?, ?)[0m  [["name", "Hungry Dragon"], ["address", "31263 Runte Center, South Wanda, DE 30792-4113"], ["created_at", "2023-03-21 09:18:25.562105"], ["updated_at", "2023-03-21 09:18:25.562105"]]
  [1m[36mTRANSACTION (3.9ms)[0m  [1m[36mcommit transaction[0m
  [1m[36mTRANSACTION (0.1ms)[0m  [1m[36mbegin transaction[0m
  [1m[36mRestaurant Create (0.4ms)[0m  [1m[32mINSERT INTO "restaurants" ("name", "address", "created_at", "updated_at") VALUES (?, ?, ?, ?)[0m  [["name", "Hungry Creamery"], ["address", "Suite 138 218 Donnelly Flats, Gleichnershire, MI 93286-3167"], ["created_at", "2023-03-21 09:18:25.574005"], ["updated_at", "2023-03-21 09:18:25.574005"]]
  [1m[36mTRANSACTION (4.0ms)[0m  [1m[36mcommit transaction[0m
  [1m[36mTRANSACTION (0.1ms)[0m  [1m[36mbegin transaction[0m
  [1m[36mRestaurant Create (0.3ms)[0m  [1m[32mINSERT INTO "restaurants" ("name", "address", "created_at", "updated_at") VALUES (?, ?, ?, ?)[0m  [["name", "Fast Sushi"], ["address", "3784 Rubin Underpass, South Caritaland, WA 16925"], ["created_at", "2023-03-21 09:18:25.585736"], ["updated_at", "2023-03-21 09:18:25.585736"]]
  [1m[36mTRANSACTION (4.4ms)[0m  [1m[36mcommit transaction[0m
  [1m[36mTRANSACTION (0.2ms)[0m  [1m[36mbegin transaction[0m
  [1m[36mRestaurant Create (0.6ms)[0m  [1m[32mINSERT INTO "restaurants" ("name", "address", "created_at", "updated_at") VALUES (?, ?, ?, ?)[0m  [["name", "Thirsty Spoon"], ["address", "Apt. 455 83987 Fay Hill, Haltown, DE 49493"], ["created_at", "2023-03-21 09:18:25.601727"], ["updated_at", "2023-03-21 09:18:25.601727"]]
  [1m[36mTRANSACTION (4.0ms)[0m  [1m[36mcommit transaction[0m
  [1m[36mTRANSACTION (0.1ms)[0m  [1m[36mbegin transaction[0m
  [1m[36mRestaurant Create (0.3ms)[0m  [1m[32mINSERT INTO "restaurants" ("name", "address", "created_at", "updated_at") VALUES (?, ?, ?, ?)[0m  [["name", "Fast BBQ"], ["address", "32854 Chuck Curve, East Lessie, NM 73483"], ["created_at", "2023-03-21 09:18:25.613371"], ["updated_at", "2023-03-21 09:18:25.613371"]]
  [1m[36mTRANSACTION (4.1ms)[0m  [1m[36mcommit transaction[0m
  [1m[36mTRANSACTION (0.1ms)[0m  [1m[36mbegin transaction[0m
  [1m[36mRestaurant Create (0.2ms)[0m  [1m[32mINSERT INTO "restaurants" ("name", "address", "created_at", "updated_at") VALUES (?, ?, ?, ?)[0m  [["name", "Silver King"], ["address", "Apt. 983 6269 Erdman Isle, Schmelerside, NY 29617"], ["created_at", "2023-03-21 09:18:25.622525"], ["updated_at", "2023-03-21 09:18:25.622525"]]
  [1m[36mTRANSACTION (5.3ms)[0m  [1m[36mcommit transaction[0m
  [1m[36mTRANSACTION (0.1ms)[0m  [1m[36mbegin transaction[0m
  [1m[36mRestaurant Create (0.3ms)[0m  [1m[32mINSERT INTO "restaurants" ("name", "address", "created_at", "updated_at") VALUES (?, ?, ?, ?)[0m  [["name", "RRK Eats"], ["address", "Suite 659 7916 Zieme Lakes, Wintheiserchester, NV 48567"], ["created_at", "2023-03-21 09:18:25.633441"], ["updated_at", "2023-03-21 09:18:25.633441"]]
  [1m[36mTRANSACTION (3.9ms)[0m  [1m[36mcommit transaction[0m
  [1m[36mTRANSACTION (0.1ms)[0m  [1m[36mbegin transaction[0m
  [1m[36mRestaurant Create (0.3ms)[0m  [1m[32mINSERT INTO "restaurants" ("name", "address", "created_at", "updated_at") VALUES (?, ?, ?, ?)[0m  [["name", "48 Subs"], ["address", "Apt. 915 843 Marlyn Brooks, Emiliachester, VA 09364-0986"], ["created_at", "2023-03-21 09:18:25.641838"], ["updated_at", "2023-03-21 09:18:25.641838"]]
  [1m[36mTRANSACTION (4.0ms)[0m  [1m[36mcommit transaction[0m
  [1m[36mTRANSACTION (0.2ms)[0m  [1m[36mbegin transaction[0m
  [1m[36mRestaurant Create (0.7ms)[0m  [1m[32mINSERT INTO "restaurants" ("name", "address", "created_at", "updated_at") VALUES (?, ?, ?, ?)[0m  [["name", "Sugar Juice Bar"], ["address", "550 Klein Prairie, Parkerton, NC 22787-8159"], ["created_at", "2023-03-21 09:18:25.653923"], ["updated_at", "2023-03-21 09:18:25.653923"]]
  [1m[36mTRANSACTION (6.6ms)[0m  [1m[36mcommit transaction[0m
  [1m[36mTRANSACTION (0.1ms)[0m  [1m[36mbegin transaction[0m
  [1m[36mRestaurant Create (0.6ms)[0m  [1m[32mINSERT INTO "restaurants" ("name", "address", "created_at", "updated_at") VALUES (?, ?, ?, ?)[0m  [["name", "Red Eatery"], ["address", "Suite 238 35993 Terence Harbors, Lake Elden, TN 98566-2045"], ["created_at", "2023-03-21 09:18:25.677803"], ["updated_at", "2023-03-21 09:18:25.677803"]]
  [1m[36mTRANSACTION (4.4ms)[0m  [1m[36mcommit transaction[0m
  [1m[36mTRANSACTION (0.1ms)[0m  [1m[36mbegin transaction[0m
  [1m[36mRestaurant Create (0.3ms)[0m  [1m[32mINSERT INTO "restaurants" ("name", "address", "created_at", "updated_at") VALUES (?, ?, ?, ?)[0m  [["name", "Blue Eatery"], ["address", "Suite 552 5630 Leannon Stream, Allanshire, CA 04223-8375"], ["created_at", "2023-03-21 09:18:25.696977"], ["updated_at", "2023-03-21 09:18:25.696977"]]
  [1m[36mTRANSACTION (3.9ms)[0m  [1m[36mcommit transaction[0m
  [1m[36mTRANSACTION (0.1ms)[0m  [1m[36mbegin transaction[0m
  [1m[36mRestaurant Create (0.2ms)[0m  [1m[32mINSERT INTO "restaurants" ("name", "address", "created_at", "updated_at") VALUES (?, ?, ?, ?)[0m  [["name", "Salty Pub"], ["address", "Apt. 813 299 Spencer Manor, South Mikelland, KS 41242"], ["created_at", "2023-03-21 09:18:25.707455"], ["updated_at", "2023-03-21 09:18:25.707455"]]
  [1m[36mTRANSACTION (3.7ms)[0m  [1m[36mcommit transaction[0m
  [1m[36mTRANSACTION (0.1ms)[0m  [1m[36mbegin transaction[0m
  [1m[36mRestaurant Create (0.3ms)[0m  [1m[32mINSERT INTO "restaurants" ("name", "address", "created_at", "updated_at") VALUES (?, ?, ?, ?)[0m  [["name", "Blue Plate Diner"], ["address", "334 Mitchell Hollow, Sauertown, NE 50993-2948"], ["created_at", "2023-03-21 09:18:25.717812"], ["updated_at", "2023-03-21 09:18:25.717812"]]
  [1m[36mTRANSACTION (3.6ms)[0m  [1m[36mcommit transaction[0m
  [1m[36mTRANSACTION (0.1ms)[0m  [1m[36mbegin transaction[0m
  [1m[36mRestaurant Create (0.3ms)[0m  [1m[32mINSERT INTO "restaurants" ("name", "address", "created_at", "updated_at") VALUES (?, ?, ?, ?)[0m  [["name", "874 Shakes"], ["address", "948 Rona Highway, Prosaccoside, WV 68653-9696"], ["created_at", "2023-03-21 09:18:25.727417"], ["updated_at", "2023-03-21 09:18:25.727417"]]
  [1m[36mTRANSACTION (3.6ms)[0m  [1m[36mcommit transaction[0m
  [1m[36mTRANSACTION (0.1ms)[0m  [1m[36mbegin transaction[0m
  [1m[36mRestaurant Create (0.3ms)[0m  [1m[32mINSERT INTO "restaurants" ("name", "address", "created_at", "updated_at") VALUES (?, ?, ?, ?)[0m  [["name", "Smokestack Deli"], ["address", "9379 Aurora Isle, Port Ronaldside, SD 88779-3270"], ["created_at", "2023-03-21 09:18:25.740107"], ["updated_at", "2023-03-21 09:18:25.740107"]]
  [1m[36mTRANSACTION (4.2ms)[0m  [1m[36mcommit transaction[0m
  [1m[36mTRANSACTION (0.1ms)[0m  [1m[36mbegin transaction[0m
  [1m[36mRestaurant Create (0.9ms)[0m  [1m[32mINSERT INTO "restaurants" ("name", "address", "created_at", "updated_at") VALUES (?, ?, ?, ?)[0m  [["name", "Sugar Dragon"], ["address", "Suite 637 99132 Schaefer Expressway, Port Carmelo, NY 76523-4615"], ["created_at", "2023-03-21 09:18:25.754860"], ["updated_at", "2023-03-21 09:18:25.754860"]]
  [1m[36mTRANSACTION (4.8ms)[0m  [1m[36mcommit transaction[0m
  [1m[36mTRANSACTION (0.1ms)[0m  [1m[36mbegin transaction[0m
  [1m[36mRestaurant Create (0.4ms)[0m  [1m[32mINSERT INTO "restaurants" ("name", "address", "created_at", "updated_at") VALUES (?, ?, ?, ?)[0m  [["name", "Spice BBQ"], ["address", "Suite 810 5223 Colin Tunnel, Strosinville, SD 76764"], ["created_at", "2023-03-21 09:18:25.775357"], ["updated_at", "2023-03-21 09:18:25.775357"]]
  [1m[36mTRANSACTION (6.3ms)[0m  [1m[36mcommit transaction[0m
  [1m[36mTRANSACTION (0.1ms)[0m  [1m[36mbegin transaction[0m
  [1m[36mRestaurant Create (0.4ms)[0m  [1m[32mINSERT INTO "restaurants" ("name", "address", "created_at", "updated_at") VALUES (?, ?, ?, ?)[0m  [["name", "Fast Box"], ["address", "Suite 454 21511 Ernser Pike, Orlandostad, AR 47499-9439"], ["created_at", "2023-03-21 09:18:25.794555"], ["updated_at", "2023-03-21 09:18:25.794555"]]
  [1m[36mTRANSACTION (4.5ms)[0m  [1m[36mcommit transaction[0m
  [1m[36mTRANSACTION (0.1ms)[0m  [1m[36mbegin transaction[0m
  [1m[36mRestaurant Create (0.4ms)[0m  [1m[32mINSERT INTO "restaurants" ("name", "address", "created_at", "updated_at") VALUES (?, ?, ?, ?)[0m  [["name", "Red Pizza"], ["address", "Suite 206 6157 Rudolph Port, West John, NV 72706-3343"], ["created_at", "2023-03-21 09:18:25.813326"], ["updated_at", "2023-03-21 09:18:25.813326"]]
  [1m[36mTRANSACTION (3.8ms)[0m  [1m[36mcommit transaction[0m
  [1m[36mTRANSACTION (0.1ms)[0m  [1m[36mbegin transaction[0m
  [1m[36mRestaurant Create (0.3ms)[0m  [1m[32mINSERT INTO "restaurants" ("name", "address", "created_at", "updated_at") VALUES (?, ?, ?, ?)[0m  [["name", "Red Bakery"], ["address", "42842 Gerry Road, Donnyland, PA 86156"], ["created_at", "2023-03-21 09:18:25.826291"], ["updated_at", "2023-03-21 09:18:25.826291"]]
  [1m[36mTRANSACTION (5.8ms)[0m  [1m[36mcommit transaction[0m
  [1m[36mTRANSACTION (0.1ms)[0m  [1m[36mbegin transaction[0m
  [1m[36mPizza Create (0.3ms)[0m  [1m[32mINSERT INTO "pizzas" ("name", "ingredients", "created_at", "updated_at") VALUES (?, ?, ?, ?)[0m  [["name", "Fish and Chips"], ["ingredients", "Rice Noodles"], ["created_at", "2023-03-21 09:18:25.856420"], ["updated_at", "2023-03-21 09:18:25.856420"]]
  [1m[36mTRANSACTION (4.1ms)[0m  [1m[36mcommit transaction[0m
  [1m[36mTRANSACTION (0.1ms)[0m  [1m[36mbegin transaction[0m
  [1m[36mPizza Create (0.4ms)[0m  [1m[32mINSERT INTO "pizzas" ("name", "ingredients", "created_at", "updated_at") VALUES (?, ?, ?, ?)[0m  [["name", "French Toast"], ["ingredients", "Snowpea sprouts"], ["created_at", "2023-03-21 09:18:25.864691"], ["updated_at", "2023-03-21 09:18:25.864691"]]
  [1m[36mTRANSACTION (5.8ms)[0m  [1m[36mcommit transaction[0m
  [1m[36mTRANSACTION (0.1ms)[0m  [1m[36mbegin transaction[0m
  [1m[36mPizza Create (0.8ms)[0m  [1m[32mINSERT INTO "pizzas" ("name", "ingredients", "created_at", "updated_at") VALUES (?, ?, ?, ?)[0m  [["name", "Fettuccine Alfredo"], ["ingredients", "Morwong"], ["created_at", "2023-03-21 09:18:25.877436"], ["updated_at", "2023-03-21 09:18:25.877436"]]
  [1m[36mTRANSACTION (4.9ms)[0m  [1m[36mcommit transaction[0m
  [1m[36mTRANSACTION (0.4ms)[0m  [1m[36mbegin transaction[0m
  [1m[36mPizza Create (0.7ms)[0m  [1m[32mINSERT INTO "pizzas" ("name", "ingredients", "created_at", "updated_at") VALUES (?, ?, ?, ?)[0m  [["name", "Linguine with Clams"], ["ingredients", "Kidneys"], ["created_at", "2023-03-21 09:18:25.894029"], ["updated_at", "2023-03-21 09:18:25.894029"]]
  [1m[36mTRANSACTION (4.6ms)[0m  [1m[36mcommit transaction[0m
  [1m[36mTRANSACTION (0.1ms)[0m  [1m[36mbegin transaction[0m
  [1m[36mPizza Create (0.5ms)[0m  [1m[32mINSERT INTO "pizzas" ("name", "ingredients", "created_at", "updated_at") VALUES (?, ?, ?, ?)[0m  [["name", "Chicken Wings"], ["ingredients", "Wholegrain Bread"], ["created_at", "2023-03-21 09:18:25.910740"], ["updated_at", "2023-03-21 09:18:25.910740"]]
  [1m[36mTRANSACTION (8.1ms)[0m  [1m[36mcommit transaction[0m
  [1m[36mTRANSACTION (0.1ms)[0m  [1m[36mbegin transaction[0m
  [1m[36mPizza Create (0.5ms)[0m  [1m[32mINSERT INTO "pizzas" ("name", "ingredients", "created_at", "updated_at") VALUES (?, ?, ?, ?)[0m  [["name", "Caprese Salad"], ["ingredients", "Blackberries"], ["created_at", "2023-03-21 09:18:25.928080"], ["updated_at", "2023-03-21 09:18:25.928080"]]
  [1m[36mTRANSACTION (4.1ms)[0m  [1m[36mcommit transaction[0m
  [1m[36mTRANSACTION (0.1ms)[0m  [1m[36mbegin transaction[0m
  [1m[36mPizza Create (0.4ms)[0m  [1m[32mINSERT INTO "pizzas" ("name", "ingredients", "created_at", "updated_at") VALUES (?, ?, ?, ?)[0m  [["name", "Hummus"], ["ingredients", "Garlic"], ["created_at", "2023-03-21 09:18:25.940610"], ["updated_at", "2023-03-21 09:18:25.940610"]]
  [1m[36mTRANSACTION (4.2ms)[0m  [1m[36mcommit transaction[0m
  [1m[36mTRANSACTION (0.1ms)[0m  [1m[36mbegin transaction[0m
  [1m[36mPizza Create (0.4ms)[0m  [1m[32mINSERT INTO "pizzas" ("name", "ingredients", "created_at", "updated_at") VALUES (?, ?, ?, ?)[0m  [["name", "Chicken Wings"], ["ingredients", "Sugar"], ["created_at", "2023-03-21 09:18:25.953487"], ["updated_at", "2023-03-21 09:18:25.953487"]]
  [1m[36mTRANSACTION (6.1ms)[0m  [1m[36mcommit transaction[0m
  [1m[36mTRANSACTION (0.1ms)[0m  [1m[36mbegin transaction[0m
  [1m[36mPizza Create (0.3ms)[0m  [1m[32mINSERT INTO "pizzas" ("name", "ingredients", "created_at", "updated_at") VALUES (?, ?, ?, ?)[0m  [["name", "Poke"], ["ingredients", "French Eschallots"], ["created_at", "2023-03-21 09:18:25.967368"], ["updated_at", "2023-03-21 09:18:25.967368"]]
  [1m[36mTRANSACTION (3.8ms)[0m  [1m[36mcommit transaction[0m
  [1m[36mTRANSACTION (0.1ms)[0m  [1m[36mbegin transaction[0m
  [1m[36mPizza Create (0.3ms)[0m  [1m[32mINSERT INTO "pizzas" ("name", "ingredients", "created_at", "updated_at") VALUES (?, ?, ?, ?)[0m  [["name", "Linguine with Clams"], ["ingredients", "Cottage Cheese"], ["created_at", "2023-03-21 09:18:25.976825"], ["updated_at", "2023-03-21 09:18:25.976825"]]
  [1m[36mTRANSACTION (3.8ms)[0m  [1m[36mcommit transaction[0m
  [1m[36mTRANSACTION (0.1ms)[0m  [1m[36mbegin transaction[0m
  [1m[36mPizza Create (0.3ms)[0m  [1m[32mINSERT INTO "pizzas" ("name", "ingredients", "created_at", "updated_at") VALUES (?, ?, ?, ?)[0m  [["name", "Philadelphia Maki"], ["ingredients", "Green Pepper"], ["created_at", "2023-03-21 09:18:25.984277"], ["updated_at", "2023-03-21 09:18:25.984277"]]
  [1m[36mTRANSACTION (4.0ms)[0m  [1m[36mcommit transaction[0m
  [1m[36mTRANSACTION (0.0ms)[0m  [1m[36mbegin transaction[0m
  [1m[36mPizza Create (0.2ms)[0m  [1m[32mINSERT INTO "pizzas" ("name", "ingredients", "created_at", "updated_at") VALUES (?, ?, ?, ?)[0m  [["name", "Stinky Tofu"], ["ingredients", "Goji Berry"], ["created_at", "2023-03-21 09:18:25.991393"], ["updated_at", "2023-03-21 09:18:25.991393"]]
  [1m[36mTRANSACTION (4.0ms)[0m  [1m[36mcommit transaction[0m
  [1m[36mTRANSACTION (0.1ms)[0m  [1m[36mbegin transaction[0m
  [1m[36mPizza Create (0.8ms)[0m  [1m[32mINSERT INTO "pizzas" ("name", "ingredients", "created_at", "updated_at") VALUES (?, ?, ?, ?)[0m  [["name", "Sushi"], ["ingredients", "Eggs"], ["created_at", "2023-03-21 09:18:26.000392"], ["updated_at", "2023-03-21 09:18:26.000392"]]
  [1m[36mTRANSACTION (4.1ms)[0m  [1m[36mcommit transaction[0m
  [1m[36mTRANSACTION (0.1ms)[0m  [1m[36mbegin transaction[0m
  [1m[36mPizza Create (0.4ms)[0m  [1m[32mINSERT INTO "pizzas" ("name", "ingredients", "created_at", "updated_at") VALUES (?, ?, ?, ?)[0m  [["name", "Poke"], ["ingredients", "Jicama"], ["created_at", "2023-03-21 09:18:26.013390"], ["updated_at", "2023-03-21 09:18:26.013390"]]
  [1m[36mTRANSACTION (4.3ms)[0m  [1m[36mcommit transaction[0m
  [1m[36mTRANSACTION (0.1ms)[0m  [1m[36mbegin transaction[0m
  [1m[36mPizza Create (0.5ms)[0m  [1m[32mINSERT INTO "pizzas" ("name", "ingredients", "created_at", "updated_at") VALUES (?, ?, ?, ?)[0m  [["name", "Chilli con Carne"], ["ingredients", "Almond Oil"], ["created_at", "2023-03-21 09:18:26.025804"], ["updated_at", "2023-03-21 09:18:26.025804"]]
  [1m[36mTRANSACTION (4.6ms)[0m  [1m[36mcommit transaction[0m
  [1m[36mTRANSACTION (0.1ms)[0m  [1m[36mbegin transaction[0m
  [1m[36mPizza Create (0.7ms)[0m  [1m[32mINSERT INTO "pizzas" ("name", "ingredients", "created_at", "updated_at") VALUES (?, ?, ?, ?)[0m  [["name", "Tacos"], ["ingredients", "Monkfish"], ["created_at", "2023-03-21 09:18:26.040544"], ["updated_at", "2023-03-21 09:18:26.040544"]]
  [1m[36mTRANSACTION (4.4ms)[0m  [1m[36mcommit transaction[0m
  [1m[36mTRANSACTION (0.1ms)[0m  [1m[36mbegin transaction[0m
  [1m[36mPizza Create (0.6ms)[0m  [1m[32mINSERT INTO "pizzas" ("name", "ingredients", "created_at", "updated_at") VALUES (?, ?, ?, ?)[0m  [["name", "Peking Duck"], ["ingredients", "Flathead"], ["created_at", "2023-03-21 09:18:26.057214"], ["updated_at", "2023-03-21 09:18:26.057214"]]
  [1m[36mTRANSACTION (4.2ms)[0m  [1m[36mcommit transaction[0m
  [1m[36mTRANSACTION (0.1ms)[0m  [1m[36mbegin transaction[0m
  [1m[36mPizza Create (0.4ms)[0m  [1m[32mINSERT INTO "pizzas" ("name", "ingredients", "created_at", "updated_at") VALUES (?, ?, ?, ?)[0m  [["name", "Tiramisù"], ["ingredients", "Taleggio Cheese"], ["created_at", "2023-03-21 09:18:26.068589"], ["updated_at", "2023-03-21 09:18:26.068589"]]
  [1m[36mTRANSACTION (3.9ms)[0m  [1m[36mcommit transaction[0m
  [1m[36mTRANSACTION (0.1ms)[0m  [1m[36mbegin transaction[0m
  [1m[36mPizza Create (0.2ms)[0m  [1m[32mINSERT INTO "pizzas" ("name", "ingredients", "created_at", "updated_at") VALUES (?, ?, ?, ?)[0m  [["name", "Katsu Curry"], ["ingredients", "Tofu"], ["created_at", "2023-03-21 09:18:26.077067"], ["updated_at", "2023-03-21 09:18:26.077067"]]
  [1m[36mTRANSACTION (5.8ms)[0m  [1m[36mcommit transaction[0m
  [1m[36mTRANSACTION (0.0ms)[0m  [1m[36mbegin transaction[0m
  [1m[36mPizza Create (0.2ms)[0m  [1m[32mINSERT INTO "pizzas" ("name", "ingredients", "created_at", "updated_at") VALUES (?, ?, ?, ?)[0m  [["name", "Fettuccine Alfredo"], ["ingredients", "Flaxseed"], ["created_at", "2023-03-21 09:18:26.085884"], ["updated_at", "2023-03-21 09:18:26.085884"]]
  [1m[36mTRANSACTION (3.7ms)[0m  [1m[36mcommit transaction[0m
  [1m[36mTRANSACTION (0.1ms)[0m  [1m[36mbegin transaction[0m
  [1m[36mPizza Create (0.2ms)[0m  [1m[32mINSERT INTO "pizzas" ("name", "ingredients", "created_at", "updated_at") VALUES (?, ?, ?, ?)[0m  [["name", "Poke"], ["ingredients", "Jasmine Rice"], ["created_at", "2023-03-21 09:18:26.092993"], ["updated_at", "2023-03-21 09:18:26.092993"]]
  [1m[36mTRANSACTION (4.2ms)[0m  [1m[36mcommit transaction[0m
  [1m[36mTRANSACTION (0.1ms)[0m  [1m[36mbegin transaction[0m
  [1m[36mPizza Create (0.3ms)[0m  [1m[32mINSERT INTO "pizzas" ("name", "ingredients", "created_at", "updated_at") VALUES (?, ?, ?, ?)[0m  [["name", "Poutine"], ["ingredients", "Capers"], ["created_at", "2023-03-21 09:18:26.100216"], ["updated_at", "2023-03-21 09:18:26.100216"]]
  [1m[36mTRANSACTION (5.1ms)[0m  [1m[36mcommit transaction[0m
  [1m[36mTRANSACTION (0.1ms)[0m  [1m[36mbegin transaction[0m
  [1m[36mPizza Create (0.3ms)[0m  [1m[32mINSERT INTO "pizzas" ("name", "ingredients", "created_at", "updated_at") VALUES (?, ?, ?, ?)[0m  [["name", "Caesar Salad"], ["ingredients", "Clams"], ["created_at", "2023-03-21 09:18:26.109119"], ["updated_at", "2023-03-21 09:18:26.109119"]]
  [1m[36mTRANSACTION (3.6ms)[0m  [1m[36mcommit transaction[0m
  [1m[36mTRANSACTION (0.1ms)[0m  [1m[36mbegin transaction[0m
  [1m[36mPizza Create (0.3ms)[0m  [1m[32mINSERT INTO "pizzas" ("name", "ingredients", "created_at", "updated_at") VALUES (?, ?, ?, ?)[0m  [["name", "French Toast"], ["ingredients", "Arrowroot"], ["created_at", "2023-03-21 09:18:26.116537"], ["updated_at", "2023-03-21 09:18:26.116537"]]
  [1m[36mTRANSACTION (3.7ms)[0m  [1m[36mcommit transaction[0m
  [1m[36mTRANSACTION (0.7ms)[0m  [1m[36mbegin transaction[0m
  [1m[36mPizza Create (0.3ms)[0m  [1m[32mINSERT INTO "pizzas" ("name", "ingredients", "created_at", "updated_at") VALUES (?, ?, ?, ?)[0m  [["name", "Sushi"], ["ingredients", "White Bread"], ["created_at", "2023-03-21 09:18:26.125980"], ["updated_at", "2023-03-21 09:18:26.125980"]]
  [1m[36mTRANSACTION (5.2ms)[0m  [1m[36mcommit transaction[0m
  [1m[36mTRANSACTION (0.1ms)[0m  [1m[36mbegin transaction[0m
  [1m[36mPizza Create (0.4ms)[0m  [1m[32mINSERT INTO "pizzas" ("name", "ingredients", "created_at", "updated_at") VALUES (?, ?, ?, ?)[0m  [["name", "Ebiten maki"], ["ingredients", "Peas"], ["created_at", "2023-03-21 09:18:26.139302"], ["updated_at", "2023-03-21 09:18:26.139302"]]
  [1m[36mTRANSACTION (6.1ms)[0m  [1m[36mcommit transaction[0m
  [1m[36mTRANSACTION (0.1ms)[0m  [1m[36mbegin transaction[0m
  [1m[36mPizza Create (0.5ms)[0m  [1m[32mINSERT INTO "pizzas" ("name", "ingredients", "created_at", "updated_at") VALUES (?, ?, ?, ?)[0m  [["name", "Salmon Nigiri"], ["ingredients", "Soy"], ["created_at", "2023-03-21 09:18:26.152790"], ["updated_at", "2023-03-21 09:18:26.152790"]]
  [1m[36mTRANSACTION (4.0ms)[0m  [1m[36mcommit transaction[0m
  [1m[36mTRANSACTION (0.1ms)[0m  [1m[36mbegin transaction[0m
  [1m[36mPizza Create (0.4ms)[0m  [1m[32mINSERT INTO "pizzas" ("name", "ingredients", "created_at", "updated_at") VALUES (?, ?, ?, ?)[0m  [["name", "Stinky Tofu"], ["ingredients", "Coriander Leaves"], ["created_at", "2023-03-21 09:18:26.162942"], ["updated_at", "2023-03-21 09:18:26.162942"]]
  [1m[36mTRANSACTION (3.8ms)[0m  [1m[36mcommit transaction[0m
  [1m[36mTRANSACTION (0.1ms)[0m  [1m[36mbegin transaction[0m
  [1m[36mPizza Create (0.3ms)[0m  [1m[32mINSERT INTO "pizzas" ("name", "ingredients", "created_at", "updated_at") VALUES (?, ?, ?, ?)[0m  [["name", "Tuna Sashimi"], ["ingredients", "Red Cabbage"], ["created_at", "2023-03-21 09:18:26.172652"], ["updated_at", "2023-03-21 09:18:26.172652"]]
  [1m[36mTRANSACTION (5.6ms)[0m  [1m[36mcommit transaction[0m
  [1m[36mTRANSACTION (0.1ms)[0m  [1m[36mbegin transaction[0m
  [1m[36mPizza Create (0.3ms)[0m  [1m[32mINSERT INTO "pizzas" ("name", "ingredients", "created_at", "updated_at") VALUES (?, ?, ?, ?)[0m  [["name", "Fettuccine Alfredo"], ["ingredients", "White Flour"], ["created_at", "2023-03-21 09:18:26.183884"], ["updated_at", "2023-03-21 09:18:26.183884"]]
  [1m[36mTRANSACTION (4.0ms)[0m  [1m[36mcommit transaction[0m
  [1m[36mRestaurant Load (0.4ms)[0m  [1m[34mSELECT "restaurants".* FROM "restaurants" ORDER BY RANDOM() LIMIT ?[0m  [["LIMIT", 1]]
  [1m[36mPizza Load (0.2ms)[0m  [1m[34mSELECT "pizzas".* FROM "pizzas" ORDER BY RANDOM() LIMIT ?[0m  [["LIMIT", 1]]
  [1m[36mTRANSACTION (0.1ms)[0m  [1m[36mbegin transaction[0m
  [1m[36mRestaurantPizza Create (0.4ms)[0m  [1m[32mINSERT INTO "restaurant_pizzas" ("price", "pizza_id", "restaurant_id", "created_at", "updated_at") VALUES (?, ?, ?, ?, ?)[0m  [["price", 5], ["pizza_id", 25], ["restaurant_id", 11], ["created_at", "2023-03-21 09:18:26.228208"], ["updated_at", "2023-03-21 09:18:26.228208"]]
  [1m[36mTRANSACTION (3.8ms)[0m  [1m[36mcommit transaction[0m
  [1m[36mRestaurant Load (0.2ms)[0m  [1m[34mSELECT "restaurants".* FROM "restaurants" ORDER BY RANDOM() LIMIT ?[0m  [["LIMIT", 1]]
  [1m[36mPizza Load (0.2ms)[0m  [1m[34mSELECT "pizzas".* FROM "pizzas" ORDER BY RANDOM() LIMIT ?[0m  [["LIMIT", 1]]
  [1m[36mTRANSACTION (0.0ms)[0m  [1m[36mbegin transaction[0m
  [1m[36mRestaurantPizza Create (0.3ms)[0m  [1m[32mINSERT INTO "restaurant_pizzas" ("price", "pizza_id", "restaurant_id", "created_at", "updated_at") VALUES (?, ?, ?, ?, ?)[0m  [["price", 11], ["pizza_id", 23], ["restaurant_id", 10], ["created_at", "2023-03-21 09:18:26.240330"], ["updated_at", "2023-03-21 09:18:26.240330"]]
  [1m[36mTRANSACTION (3.8ms)[0m  [1m[36mcommit transaction[0m
  [1m[36mRestaurant Load (0.2ms)[0m  [1m[34mSELECT "restaurants".* FROM "restaurants" ORDER BY RANDOM() LIMIT ?[0m  [["LIMIT", 1]]
  [1m[36mPizza Load (0.2ms)[0m  [1m[34mSELECT "pizzas".* FROM "pizzas" ORDER BY RANDOM() LIMIT ?[0m  [["LIMIT", 1]]
  [1m[36mTRANSACTION (0.0ms)[0m  [1m[36mbegin transaction[0m
  [1m[36mRestaurantPizza Create (0.3ms)[0m  [1m[32mINSERT INTO "restaurant_pizzas" ("price", "pizza_id", "restaurant_id", "created_at", "updated_at") VALUES (?, ?, ?, ?, ?)[0m  [["price", 9], ["pizza_id", 21], ["restaurant_id", 15], ["created_at", "2023-03-21 09:18:26.249636"], ["updated_at", "2023-03-21 09:18:26.249636"]]
  [1m[36mTRANSACTION (3.8ms)[0m  [1m[36mcommit transaction[0m
  [1m[36mRestaurant Load (0.2ms)[0m  [1m[34mSELECT "restaurants".* FROM "restaurants" ORDER BY RANDOM() LIMIT ?[0m  [["LIMIT", 1]]
  [1m[36mPizza Load (0.2ms)[0m  [1m[34mSELECT "pizzas".* FROM "pizzas" ORDER BY RANDOM() LIMIT ?[0m  [["LIMIT", 1]]
  [1m[36mTRANSACTION (0.1ms)[0m  [1m[36mbegin transaction[0m
  [1m[36mRestaurantPizza Create (0.5ms)[0m  [1m[32mINSERT INTO "restaurant_pizzas" ("price", "pizza_id", "restaurant_id", "created_at", "updated_at") VALUES (?, ?, ?, ?, ?)[0m  [["price", 2], ["pizza_id", 15], ["restaurant_id", 20], ["created_at", "2023-03-21 09:18:26.260065"], ["updated_at", "2023-03-21 09:18:26.260065"]]
  [1m[36mTRANSACTION (5.6ms)[0m  [1m[36mcommit transaction[0m
  [1m[36mRestaurant Load (0.2ms)[0m  [1m[34mSELECT "restaurants".* FROM "restaurants" ORDER BY RANDOM() LIMIT ?[0m  [["LIMIT", 1]]
  [1m[36mPizza Load (0.1ms)[0m  [1m[34mSELECT "pizzas".* FROM "pizzas" ORDER BY RANDOM() LIMIT ?[0m  [["LIMIT", 1]]
  [1m[36mTRANSACTION (0.0ms)[0m  [1m[36mbegin transaction[0m
  [1m[36mRestaurantPizza Create (0.4ms)[0m  [1m[32mINSERT INTO "restaurant_pizzas" ("price", "pizza_id", "restaurant_id", "created_at", "updated_at") VALUES (?, ?, ?, ?, ?)[0m  [["price", 12], ["pizza_id", 1], ["restaurant_id", 15], ["created_at", "2023-03-21 09:18:26.273228"], ["updated_at", "2023-03-21 09:18:26.273228"]]
  [1m[36mTRANSACTION (3.9ms)[0m  [1m[36mcommit transaction[0m
  [1m[36mRestaurant Load (0.2ms)[0m  [1m[34mSELECT "restaurants".* FROM "restaurants" ORDER BY RANDOM() LIMIT ?[0m  [["LIMIT", 1]]
  [1m[36mPizza Load (0.1ms)[0m  [1m[34mSELECT "pizzas".* FROM "pizzas" ORDER BY RANDOM() LIMIT ?[0m  [["LIMIT", 1]]
  [1m[36mTRANSACTION (0.1ms)[0m  [1m[36mbegin transaction[0m
  [1m[36mRestaurantPizza Create (0.3ms)[0m  [1m[32mINSERT INTO "restaurant_pizzas" ("price", "pizza_id", "restaurant_id", "created_at", "updated_at") VALUES (?, ?, ?, ?, ?)[0m  [["price", 4], ["pizza_id", 12], ["restaurant_id", 8], ["created_at", "2023-03-21 09:18:26.282666"], ["updated_at", "2023-03-21 09:18:26.282666"]]
  [1m[36mTRANSACTION (5.3ms)[0m  [1m[36mcommit transaction[0m
  [1m[36mRestaurant Load (0.2ms)[0m  [1m[34mSELECT "restaurants".* FROM "restaurants" ORDER BY RANDOM() LIMIT ?[0m  [["LIMIT", 1]]
  [1m[36mPizza Load (0.2ms)[0m  [1m[34mSELECT "pizzas".* FROM "pizzas" ORDER BY RANDOM() LIMIT ?[0m  [["LIMIT", 1]]
  [1m[36mTRANSACTION (0.1ms)[0m  [1m[36mbegin transaction[0m
  [1m[36mRestaurantPizza Create (0.5ms)[0m  [1m[32mINSERT INTO "restaurant_pizzas" ("price", "pizza_id", "restaurant_id", "created_at", "updated_at") VALUES (?, ?, ?, ?, ?)[0m  [["price", 12], ["pizza_id", 25], ["restaurant_id", 22], ["created_at", "2023-03-21 09:18:26.295307"], ["updated_at", "2023-03-21 09:18:26.295307"]]
  [1m[36mTRANSACTION (4.3ms)[0m  [1m[36mcommit transaction[0m
  [1m[36mRestaurant Load (0.3ms)[0m  [1m[34mSELECT "restaurants".* FROM "restaurants" ORDER BY RANDOM() LIMIT ?[0m  [["LIMIT", 1]]
  [1m[36mPizza Load (0.3ms)[0m  [1m[34mSELECT "pizzas".* FROM "pizzas" ORDER BY RANDOM() LIMIT ?[0m  [["LIMIT", 1]]
  [1m[36mTRANSACTION (0.1ms)[0m  [1m[36mbegin transaction[0m
  [1m[36mRestaurantPizza Create (0.3ms)[0m  [1m[32mINSERT INTO "restaurant_pizzas" ("price", "pizza_id", "restaurant_id", "created_at", "updated_at") VALUES (?, ?, ?, ?, ?)[0m  [["price", 7], ["pizza_id", 12], ["restaurant_id", 3], ["created_at", "2023-03-21 09:18:26.308939"], ["updated_at", "2023-03-21 09:18:26.308939"]]
  [1m[36mTRANSACTION (4.1ms)[0m  [1m[36mcommit transaction[0m
  [1m[36mRestaurant Load (0.2ms)[0m  [1m[34mSELECT "restaurants".* FROM "restaurants" ORDER BY RANDOM() LIMIT ?[0m  [["LIMIT", 1]]
  [1m[36mPizza Load (0.2ms)[0m  [1m[34mSELECT "pizzas".* FROM "pizzas" ORDER BY RANDOM() LIMIT ?[0m  [["LIMIT", 1]]
  [1m[36mTRANSACTION (0.1ms)[0m  [1m[36mbegin transaction[0m
  [1m[36mRestaurantPizza Create (0.4ms)[0m  [1m[32mINSERT INTO "restaurant_pizzas" ("price", "pizza_id", "restaurant_id", "created_at", "updated_at") VALUES (?, ?, ?, ?, ?)[0m  [["price", 2], ["pizza_id", 30], ["restaurant_id", 15], ["created_at", "2023-03-21 09:18:26.321793"], ["updated_at", "2023-03-21 09:18:26.321793"]]
  [1m[36mTRANSACTION (5.7ms)[0m  [1m[36mcommit transaction[0m
  [1m[36mRestaurant Load (0.3ms)[0m  [1m[34mSELECT "restaurants".* FROM "restaurants" ORDER BY RANDOM() LIMIT ?[0m  [["LIMIT", 1]]
  [1m[36mPizza Load (0.3ms)[0m  [1m[34mSELECT "pizzas".* FROM "pizzas" ORDER BY RANDOM() LIMIT ?[0m  [["LIMIT", 1]]
  [1m[36mTRANSACTION (0.1ms)[0m  [1m[36mbegin transaction[0m
  [1m[36mRestaurantPizza Create (0.4ms)[0m  [1m[32mINSERT INTO "restaurant_pizzas" ("price", "pizza_id", "restaurant_id", "created_at", "updated_at") VALUES (?, ?, ?, ?, ?)[0m  [["price", 7], ["pizza_id", 27], ["restaurant_id", 15], ["created_at", "2023-03-21 09:18:26.337148"], ["updated_at", "2023-03-21 09:18:26.337148"]]
  [1m[36mTRANSACTION (4.0ms)[0m  [1m[36mcommit transaction[0m
  [1m[36mRestaurant Load (0.2ms)[0m  [1m[34mSELECT "restaurants".* FROM "restaurants" ORDER BY RANDOM() LIMIT ?[0m  [["LIMIT", 1]]
  [1m[36mPizza Load (0.2ms)[0m  [1m[34mSELECT "pizzas".* FROM "pizzas" ORDER BY RANDOM() LIMIT ?[0m  [["LIMIT", 1]]
  [1m[36mTRANSACTION (0.1ms)[0m  [1m[36mbegin transaction[0m
  [1m[36mRestaurantPizza Create (0.4ms)[0m  [1m[32mINSERT INTO "restaurant_pizzas" ("price", "pizza_id", "restaurant_id", "created_at", "updated_at") VALUES (?, ?, ?, ?, ?)[0m  [["price", 2], ["pizza_id", 15], ["restaurant_id", 19], ["created_at", "2023-03-21 09:18:26.350813"], ["updated_at", "2023-03-21 09:18:26.350813"]]
  [1m[36mTRANSACTION (9.5ms)[0m  [1m[36mcommit transaction[0m
  [1m[36mRestaurant Load (0.2ms)[0m  [1m[34mSELECT "restaurants".* FROM "restaurants" ORDER BY RANDOM() LIMIT ?[0m  [["LIMIT", 1]]
  [1m[36mPizza Load (0.2ms)[0m  [1m[34mSELECT "pizzas".* FROM "pizzas" ORDER BY RANDOM() LIMIT ?[0m  [["LIMIT", 1]]
  [1m[36mTRANSACTION (0.1ms)[0m  [1m[36mbegin transaction[0m
  [1m[36mRestaurantPizza Create (0.4ms)[0m  [1m[32mINSERT INTO "restaurant_pizzas" ("price", "pizza_id", "restaurant_id", "created_at", "updated_at") VALUES (?, ?, ?, ?, ?)[0m  [["price", 12], ["pizza_id", 28], ["restaurant_id", 11], ["created_at", "2023-03-21 09:18:26.368775"], ["updated_at", "2023-03-21 09:18:26.368775"]]
  [1m[36mTRANSACTION (3.9ms)[0m  [1m[36mcommit transaction[0m
  [1m[36mRestaurant Load (0.3ms)[0m  [1m[34mSELECT "restaurants".* FROM "restaurants" ORDER BY RANDOM() LIMIT ?[0m  [["LIMIT", 1]]
  [1m[36mPizza Load (0.2ms)[0m  [1m[34mSELECT "pizzas".* FROM "pizzas" ORDER BY RANDOM() LIMIT ?[0m  [["LIMIT", 1]]
  [1m[36mTRANSACTION (0.1ms)[0m  [1m[36mbegin transaction[0m
  [1m[36mRestaurantPizza Create (0.4ms)[0m  [1m[32mINSERT INTO "restaurant_pizzas" ("price", "pizza_id", "restaurant_id", "created_at", "updated_at") VALUES (?, ?, ?, ?, ?)[0m  [["price", 1], ["pizza_id", 26], ["restaurant_id", 29], ["created_at", "2023-03-21 09:18:26.381373"], ["updated_at", "2023-03-21 09:18:26.381373"]]
  [1m[36mTRANSACTION (7.6ms)[0m  [1m[36mcommit transaction[0m
  [1m[36mRestaurant Load (0.3ms)[0m  [1m[34mSELECT "restaurants".* FROM "restaurants" ORDER BY RANDOM() LIMIT ?[0m  [["LIMIT", 1]]
  [1m[36mPizza Load (0.3ms)[0m  [1m[34mSELECT "pizzas".* FROM "pizzas" ORDER BY RANDOM() LIMIT ?[0m  [["LIMIT", 1]]
  [1m[36mTRANSACTION (0.1ms)[0m  [1m[36mbegin transaction[0m
  [1m[36mRestaurantPizza Create (0.4ms)[0m  [1m[32mINSERT INTO "restaurant_pizzas" ("price", "pizza_id", "restaurant_id", "created_at", "updated_at") VALUES (?, ?, ?, ?, ?)[0m  [["price", 6], ["pizza_id", 17], ["restaurant_id", 17], ["created_at", "2023-03-21 09:18:26.398210"], ["updated_at", "2023-03-21 09:18:26.398210"]]
  [1m[36mTRANSACTION (6.9ms)[0m  [1m[36mcommit transaction[0m
  [1m[36mRestaurant Load (0.3ms)[0m  [1m[34mSELECT "restaurants".* FROM "restaurants" ORDER BY RANDOM() LIMIT ?[0m  [["LIMIT", 1]]
  [1m[36mPizza Load (0.5ms)[0m  [1m[34mSELECT "pizzas".* FROM "pizzas" ORDER BY RANDOM() LIMIT ?[0m  [["LIMIT", 1]]
  [1m[36mTRANSACTION (0.1ms)[0m  [1m[36mbegin transaction[0m
  [1m[36mRestaurantPizza Create (0.7ms)[0m  [1m[32mINSERT INTO "restaurant_pizzas" ("price", "pizza_id", "restaurant_id", "created_at", "updated_at") VALUES (?, ?, ?, ?, ?)[0m  [["price", 6], ["pizza_id", 28], ["restaurant_id", 16], ["created_at", "2023-03-21 09:18:26.415285"], ["updated_at", "2023-03-21 09:18:26.415285"]]
  [1m[36mTRANSACTION (6.4ms)[0m  [1m[36mcommit transaction[0m
  [1m[36mRestaurant Load (0.3ms)[0m  [1m[34mSELECT "restaurants".* FROM "restaurants" ORDER BY RANDOM() LIMIT ?[0m  [["LIMIT", 1]]
  [1m[36mPizza Load (0.2ms)[0m  [1m[34mSELECT "pizzas".* FROM "pizzas" ORDER BY RANDOM() LIMIT ?[0m  [["LIMIT", 1]]
  [1m[36mTRANSACTION (0.1ms)[0m  [1m[36mbegin transaction[0m
  [1m[36mRestaurantPizza Create (1.2ms)[0m  [1m[32mINSERT INTO "restaurant_pizzas" ("price", "pizza_id", "restaurant_id", "created_at", "updated_at") VALUES (?, ?, ?, ?, ?)[0m  [["price", 11], ["pizza_id", 12], ["restaurant_id", 3], ["created_at", "2023-03-21 09:18:26.434330"], ["updated_at", "2023-03-21 09:18:26.434330"]]
  [1m[36mTRANSACTION (6.5ms)[0m  [1m[36mcommit transaction[0m
  [1m[36mRestaurant Load (0.2ms)[0m  [1m[34mSELECT "restaurants".* FROM "restaurants" ORDER BY RANDOM() LIMIT ?[0m  [["LIMIT", 1]]
  [1m[36mPizza Load (0.2ms)[0m  [1m[34mSELECT "pizzas".* FROM "pizzas" ORDER BY RANDOM() LIMIT ?[0m  [["LIMIT", 1]]
  [1m[36mTRANSACTION (0.1ms)[0m  [1m[36mbegin transaction[0m
  [1m[36mRestaurantPizza Create (0.5ms)[0m  [1m[32mINSERT INTO "restaurant_pizzas" ("price", "pizza_id", "restaurant_id", "created_at", "updated_at") VALUES (?, ?, ?, ?, ?)[0m  [["price", 8], ["pizza_id", 16], ["restaurant_id", 12], ["created_at", "2023-03-21 09:18:26.450940"], ["updated_at", "2023-03-21 09:18:26.450940"]]
  [1m[36mTRANSACTION (4.8ms)[0m  [1m[36mcommit transaction[0m
  [1m[36mRestaurant Load (1.5ms)[0m  [1m[34mSELECT "restaurants".* FROM "restaurants" ORDER BY RANDOM() LIMIT ?[0m  [["LIMIT", 1]]
  [1m[36mPizza Load (0.3ms)[0m  [1m[34mSELECT "pizzas".* FROM "pizzas" ORDER BY RANDOM() LIMIT ?[0m  [["LIMIT", 1]]
  [1m[36mTRANSACTION (0.1ms)[0m  [1m[36mbegin transaction[0m
  [1m[36mRestaurantPizza Create (1.1ms)[0m  [1m[32mINSERT INTO "restaurant_pizzas" ("price", "pizza_id", "restaurant_id", "created_at", "updated_at") VALUES (?, ?, ?, ?, ?)[0m  [["price", 10], ["pizza_id", 21], ["restaurant_id", 18], ["created_at", "2023-03-21 09:18:26.470251"], ["updated_at", "2023-03-21 09:18:26.470251"]]
  [1m[36mTRANSACTION (6.5ms)[0m  [1m[36mcommit transaction[0m
  [1m[36mRestaurant Load (0.2ms)[0m  [1m[34mSELECT "restaurants".* FROM "restaurants" ORDER BY RANDOM() LIMIT ?[0m  [["LIMIT", 1]]
  [1m[36mPizza Load (0.3ms)[0m  [1m[34mSELECT "pizzas".* FROM "pizzas" ORDER BY RANDOM() LIMIT ?[0m  [["LIMIT", 1]]
  [1m[36mTRANSACTION (0.1ms)[0m  [1m[36mbegin transaction[0m
  [1m[36mRestaurantPizza Create (0.4ms)[0m  [1m[32mINSERT INTO "restaurant_pizzas" ("price", "pizza_id", "restaurant_id", "created_at", "updated_at") VALUES (?, ?, ?, ?, ?)[0m  [["price", 2], ["pizza_id", 23], ["restaurant_id", 6], ["created_at", "2023-03-21 09:18:26.489989"], ["updated_at", "2023-03-21 09:18:26.489989"]]
  [1m[36mTRANSACTION (6.4ms)[0m  [1m[36mcommit transaction[0m
  [1m[36mRestaurant Load (0.4ms)[0m  [1m[34mSELECT "restaurants".* FROM "restaurants" ORDER BY RANDOM() LIMIT ?[0m  [["LIMIT", 1]]
  [1m[36mPizza Load (0.2ms)[0m  [1m[34mSELECT "pizzas".* FROM "pizzas" ORDER BY RANDOM() LIMIT ?[0m  [["LIMIT", 1]]
  [1m[36mTRANSACTION (0.1ms)[0m  [1m[36mbegin transaction[0m
  [1m[36mRestaurantPizza Create (0.4ms)[0m  [1m[32mINSERT INTO "restaurant_pizzas" ("price", "pizza_id", "restaurant_id", "created_at", "updated_at") VALUES (?, ?, ?, ?, ?)[0m  [["price", 4], ["pizza_id", 10], ["restaurant_id", 28], ["created_at", "2023-03-21 09:18:26.508008"], ["updated_at", "2023-03-21 09:18:26.508008"]]
  [1m[36mTRANSACTION (4.1ms)[0m  [1m[36mcommit transaction[0m
  [1m[36mRestaurant Load (0.2ms)[0m  [1m[34mSELECT "restaurants".* FROM "restaurants" ORDER BY RANDOM() LIMIT ?[0m  [["LIMIT", 1]]
  [1m[36mPizza Load (0.2ms)[0m  [1m[34mSELECT "pizzas".* FROM "pizzas" ORDER BY RANDOM() LIMIT ?[0m  [["LIMIT", 1]]
  [1m[36mTRANSACTION (0.1ms)[0m  [1m[36mbegin transaction[0m
  [1m[36mRestaurantPizza Create (0.5ms)[0m  [1m[32mINSERT INTO "restaurant_pizzas" ("price", "pizza_id", "restaurant_id", "created_at", "updated_at") VALUES (?, ?, ?, ?, ?)[0m  [["price", 3], ["pizza_id", 23], ["restaurant_id", 4], ["created_at", "2023-03-21 09:18:26.527686"], ["updated_at", "2023-03-21 09:18:26.527686"]]
  [1m[36mTRANSACTION (5.9ms)[0m  [1m[36mcommit transaction[0m
  [1m[36mRestaurant Load (0.2ms)[0m  [1m[34mSELECT "restaurants".* FROM "restaurants" ORDER BY RANDOM() LIMIT ?[0m  [["LIMIT", 1]]
  [1m[36mPizza Load (0.6ms)[0m  [1m[34mSELECT "pizzas".* FROM "pizzas" ORDER BY RANDOM() LIMIT ?[0m  [["LIMIT", 1]]
  [1m[36mTRANSACTION (0.1ms)[0m  [1m[36mbegin transaction[0m
  [1m[36mRestaurantPizza Create (0.4ms)[0m  [1m[32mINSERT INTO "restaurant_pizzas" ("price", "pizza_id", "restaurant_id", "created_at", "updated_at") VALUES (?, ?, ?, ?, ?)[0m  [["price", 7], ["pizza_id", 18], ["restaurant_id", 9], ["created_at", "2023-03-21 09:18:26.545633"], ["updated_at", "2023-03-21 09:18:26.545633"]]
  [1m[36mTRANSACTION (4.0ms)[0m  [1m[36mcommit transaction[0m
  [1m[36mRestaurant Load (0.2ms)[0m  [1m[34mSELECT "restaurants".* FROM "restaurants" ORDER BY RANDOM() LIMIT ?[0m  [["LIMIT", 1]]
  [1m[36mPizza Load (0.2ms)[0m  [1m[34mSELECT "pizzas".* FROM "pizzas" ORDER BY RANDOM() LIMIT ?[0m  [["LIMIT", 1]]
  [1m[36mTRANSACTION (0.0ms)[0m  [1m[36mbegin transaction[0m
  [1m[36mRestaurantPizza Create (0.3ms)[0m  [1m[32mINSERT INTO "restaurant_pizzas" ("price", "pizza_id", "restaurant_id", "created_at", "updated_at") VALUES (?, ?, ?, ?, ?)[0m  [["price", 2], ["pizza_id", 26], ["restaurant_id", 19], ["created_at", "2023-03-21 09:18:26.559533"], ["updated_at", "2023-03-21 09:18:26.559533"]]
  [1m[36mTRANSACTION (6.0ms)[0m  [1m[36mcommit transaction[0m
  [1m[36mRestaurant Load (0.6ms)[0m  [1m[34mSELECT "restaurants".* FROM "restaurants" ORDER BY RANDOM() LIMIT ?[0m  [["LIMIT", 1]]
  [1m[36mPizza Load (0.5ms)[0m  [1m[34mSELECT "pizzas".* FROM "pizzas" ORDER BY RANDOM() LIMIT ?[0m  [["LIMIT", 1]]
  [1m[36mTRANSACTION (0.1ms)[0m  [1m[36mbegin transaction[0m
  [1m[36mRestaurantPizza Create (0.7ms)[0m  [1m[32mINSERT INTO "restaurant_pizzas" ("price", "pizza_id", "restaurant_id", "created_at", "updated_at") VALUES (?, ?, ?, ?, ?)[0m  [["price", 3], ["pizza_id", 19], ["restaurant_id", 19], ["created_at", "2023-03-21 09:18:26.580519"], ["updated_at", "2023-03-21 09:18:26.580519"]]
  [1m[36mTRANSACTION (4.5ms)[0m  [1m[36mcommit transaction[0m
  [1m[36mRestaurant Load (0.4ms)[0m  [1m[34mSELECT "restaurants".* FROM "restaurants" ORDER BY RANDOM() LIMIT ?[0m  [["LIMIT", 1]]
  [1m[36mPizza Load (0.3ms)[0m  [1m[34mSELECT "pizzas".* FROM "pizzas" ORDER BY RANDOM() LIMIT ?[0m  [["LIMIT", 1]]
  [1m[36mTRANSACTION (0.1ms)[0m  [1m[36mbegin transaction[0m
  [1m[36mRestaurantPizza Create (3.5ms)[0m  [1m[32mINSERT INTO "restaurant_pizzas" ("price", "pizza_id", "restaurant_id", "created_at", "updated_at") VALUES (?, ?, ?, ?, ?)[0m  [["price", 5], ["pizza_id", 24], ["restaurant_id", 28], ["created_at", "2023-03-21 09:18:26.595618"], ["updated_at", "2023-03-21 09:18:26.595618"]]
  [1m[36mTRANSACTION (4.1ms)[0m  [1m[36mcommit transaction[0m
  [1m[36mRestaurant Load (0.3ms)[0m  [1m[34mSELECT "restaurants".* FROM "restaurants" ORDER BY RANDOM() LIMIT ?[0m  [["LIMIT", 1]]
  [1m[36mPizza Load (0.3ms)[0m  [1m[34mSELECT "pizzas".* FROM "pizzas" ORDER BY RANDOM() LIMIT ?[0m  [["LIMIT", 1]]
  [1m[36mTRANSACTION (0.1ms)[0m  [1m[36mbegin transaction[0m
  [1m[36mRestaurantPizza Create (0.4ms)[0m  [1m[32mINSERT INTO "restaurant_pizzas" ("price", "pizza_id", "restaurant_id", "created_at", "updated_at") VALUES (?, ?, ?, ?, ?)[0m  [["price", 4], ["pizza_id", 28], ["restaurant_id", 27], ["created_at", "2023-03-21 09:18:26.613596"], ["updated_at", "2023-03-21 09:18:26.613596"]]
  [1m[36mTRANSACTION (6.7ms)[0m  [1m[36mcommit transaction[0m
  [1m[36mRestaurant Load (0.7ms)[0m  [1m[34mSELECT "restaurants".* FROM "restaurants" ORDER BY RANDOM() LIMIT ?[0m  [["LIMIT", 1]]
  [1m[36mPizza Load (0.5ms)[0m  [1m[34mSELECT "pizzas".* FROM "pizzas" ORDER BY RANDOM() LIMIT ?[0m  [["LIMIT", 1]]
  [1m[36mTRANSACTION (0.1ms)[0m  [1m[36mbegin transaction[0m
  [1m[36mRestaurantPizza Create (0.6ms)[0m  [1m[32mINSERT INTO "restaurant_pizzas" ("price", "pizza_id", "restaurant_id", "created_at", "updated_at") VALUES (?, ?, ?, ?, ?)[0m  [["price", 2], ["pizza_id", 6], ["restaurant_id", 16], ["created_at", "2023-03-21 09:18:26.633986"], ["updated_at", "2023-03-21 09:18:26.633986"]]
  [1m[36mTRANSACTION (4.5ms)[0m  [1m[36mcommit transaction[0m
  [1m[36mRestaurant Load (0.4ms)[0m  [1m[34mSELECT "restaurants".* FROM "restaurants" ORDER BY RANDOM() LIMIT ?[0m  [["LIMIT", 1]]
  [1m[36mPizza Load (0.3ms)[0m  [1m[34mSELECT "pizzas".* FROM "pizzas" ORDER BY RANDOM() LIMIT ?[0m  [["LIMIT", 1]]
  [1m[36mTRANSACTION (0.1ms)[0m  [1m[36mbegin transaction[0m
  [1m[36mRestaurantPizza Create (0.5ms)[0m  [1m[32mINSERT INTO "restaurant_pizzas" ("price", "pizza_id", "restaurant_id", "created_at", "updated_at") VALUES (?, ?, ?, ?, ?)[0m  [["price", 10], ["pizza_id", 9], ["restaurant_id", 5], ["created_at", "2023-03-21 09:18:26.648584"], ["updated_at", "2023-03-21 09:18:26.648584"]]
  [1m[36mTRANSACTION (6.1ms)[0m  [1m[36mcommit transaction[0m
  [1m[36mRestaurant Load (0.5ms)[0m  [1m[34mSELECT "restaurants".* FROM "restaurants" ORDER BY RANDOM() LIMIT ?[0m  [["LIMIT", 1]]
  [1m[36mPizza Load (0.6ms)[0m  [1m[34mSELECT "pizzas".* FROM "pizzas" ORDER BY RANDOM() LIMIT ?[0m  [["LIMIT", 1]]
  [1m[36mTRANSACTION (0.1ms)[0m  [1m[36mbegin transaction[0m
  [1m[36mRestaurantPizza Create (1.2ms)[0m  [1m[32mINSERT INTO "restaurant_pizzas" ("price", "pizza_id", "restaurant_id", "created_at", "updated_at") VALUES (?, ?, ?, ?, ?)[0m  [["price", 1], ["pizza_id", 17], ["restaurant_id", 28], ["created_at", "2023-03-21 09:18:26.669021"], ["updated_at", "2023-03-21 09:18:26.669021"]]
  [1m[36mTRANSACTION (5.1ms)[0m  [1m[36mcommit transaction[0m
  [1m[36mRestaurant Load (0.5ms)[0m  [1m[34mSELECT "restaurants".* FROM "restaurants" ORDER BY RANDOM() LIMIT ?[0m  [["LIMIT", 1]]
  [1m[36mPizza Load (0.4ms)[0m  [1m[34mSELECT "pizzas".* FROM "pizzas" ORDER BY RANDOM() LIMIT ?[0m  [["LIMIT", 1]]
  [1m[36mTRANSACTION (0.1ms)[0m  [1m[36mbegin transaction[0m
  [1m[36mRestaurantPizza Create (1.0ms)[0m  [1m[32mINSERT INTO "restaurant_pizzas" ("price", "pizza_id", "restaurant_id", "created_at", "updated_at") VALUES (?, ?, ?, ?, ?)[0m  [["price", 7], ["pizza_id", 27], ["restaurant_id", 2], ["created_at", "2023-03-21 09:18:26.692839"], ["updated_at", "2023-03-21 09:18:26.692839"]]
  [1m[36mTRANSACTION (5.1ms)[0m  [1m[36mcommit transaction[0m
  [1m[36mRestaurant Load (0.5ms)[0m  [1m[34mSELECT "restaurants".* FROM "restaurants" ORDER BY RANDOM() LIMIT ?[0m  [["LIMIT", 1]]
  [1m[36mPizza Load (0.4ms)[0m  [1m[34mSELECT "pizzas".* FROM "pizzas" ORDER BY RANDOM() LIMIT ?[0m  [["LIMIT", 1]]
  [1m[36mTRANSACTION (0.1ms)[0m  [1m[36mbegin transaction[0m
  [1m[36mRestaurantPizza Create (1.1ms)[0m  [1m[32mINSERT INTO "restaurant_pizzas" ("price", "pizza_id", "restaurant_id", "created_at", "updated_at") VALUES (?, ?, ?, ?, ?)[0m  [["price", 1], ["pizza_id", 19], ["restaurant_id", 15], ["created_at", "2023-03-21 09:18:26.717285"], ["updated_at", "2023-03-21 09:18:26.717285"]]
  [1m[36mTRANSACTION (5.1ms)[0m  [1m[36mcommit transaction[0m
  [1m[36mRestaurant Load (0.5ms)[0m  [1m[34mSELECT "restaurants".* FROM "restaurants" ORDER BY RANDOM() LIMIT ?[0m  [["LIMIT", 1]]
  [1m[36mPizza Load (0.5ms)[0m  [1m[34mSELECT "pizzas".* FROM "pizzas" ORDER BY RANDOM() LIMIT ?[0m  [["LIMIT", 1]]
  [1m[36mTRANSACTION (0.1ms)[0m  [1m[36mbegin transaction[0m
  [1m[36mRestaurantPizza Create (1.3ms)[0m  [1m[32mINSERT INTO "restaurant_pizzas" ("price", "pizza_id", "restaurant_id", "created_at", "updated_at") VALUES (?, ?, ?, ?, ?)[0m  [["price", 1], ["pizza_id", 20], ["restaurant_id", 27], ["created_at", "2023-03-21 09:18:26.741146"], ["updated_at", "2023-03-21 09:18:26.741146"]]
  [1m[36mTRANSACTION (5.0ms)[0m  [1m[36mcommit transaction[0m
  [1m[36mRestaurant Load (0.7ms)[0m  [1m[34mSELECT "restaurants".* FROM "restaurants" ORDER BY RANDOM() LIMIT ?[0m  [["LIMIT", 1]]
  [1m[36mPizza Load (0.8ms)[0m  [1m[34mSELECT "pizzas".* FROM "pizzas" ORDER BY RANDOM() LIMIT ?[0m  [["LIMIT", 1]]
  [1m[36mTRANSACTION (0.3ms)[0m  [1m[36mbegin transaction[0m
  [1m[36mRestaurantPizza Create (0.8ms)[0m  [1m[32mINSERT INTO "restaurant_pizzas" ("price", "pizza_id", "restaurant_id", "created_at", "updated_at") VALUES (?, ?, ?, ?, ?)[0m  [["price", 2], ["pizza_id", 30], ["restaurant_id", 27], ["created_at", "2023-03-21 09:18:26.769234"], ["updated_at", "2023-03-21 09:18:26.769234"]]
  [1m[36mTRANSACTION (6.9ms)[0m  [1m[36mcommit transaction[0m
  [1m[36mRestaurant Load (0.6ms)[0m  [1m[34mSELECT "restaurants".* FROM "restaurants" ORDER BY RANDOM() LIMIT ?[0m  [["LIMIT", 1]]
  [1m[36mPizza Load (0.5ms)[0m  [1m[34mSELECT "pizzas".* FROM "pizzas" ORDER BY RANDOM() LIMIT ?[0m  [["LIMIT", 1]]
  [1m[36mTRANSACTION (0.2ms)[0m  [1m[36mbegin transaction[0m
  [1m[36mRestaurantPizza Create (1.3ms)[0m  [1m[32mINSERT INTO "restaurant_pizzas" ("price", "pizza_id", "restaurant_id", "created_at", "updated_at") VALUES (?, ?, ?, ?, ?)[0m  [["price", 11], ["pizza_id", 9], ["restaurant_id", 15], ["created_at", "2023-03-21 09:18:26.797605"], ["updated_at", "2023-03-21 09:18:26.797605"]]
  [1m[36mTRANSACTION (17.3ms)[0m  [1m[36mcommit transaction[0m
  [1m[36mRestaurant Load (0.5ms)[0m  [1m[34mSELECT "restaurants".* FROM "restaurants" ORDER BY RANDOM() LIMIT ?[0m  [["LIMIT", 1]]
  [1m[36mPizza Load (0.6ms)[0m  [1m[34mSELECT "pizzas".* FROM "pizzas" ORDER BY RANDOM() LIMIT ?[0m  [["LIMIT", 1]]
  [1m[36mTRANSACTION (0.1ms)[0m  [1m[36mbegin transaction[0m
  [1m[36mRestaurantPizza Create (0.7ms)[0m  [1m[32mINSERT INTO "restaurant_pizzas" ("price", "pizza_id", "restaurant_id", "created_at", "updated_at") VALUES (?, ?, ?, ?, ?)[0m  [["price", 9], ["pizza_id", 7], ["restaurant_id", 24], ["created_at", "2023-03-21 09:18:26.837551"], ["updated_at", "2023-03-21 09:18:26.837551"]]
  [1m[36mTRANSACTION (7.8ms)[0m  [1m[36mcommit transaction[0m
  [1m[36mRestaurant Load (0.3ms)[0m  [1m[34mSELECT "restaurants".* FROM "restaurants" ORDER BY RANDOM() LIMIT ?[0m  [["LIMIT", 1]]
  [1m[36mPizza Load (0.3ms)[0m  [1m[34mSELECT "pizzas".* FROM "pizzas" ORDER BY RANDOM() LIMIT ?[0m  [["LIMIT", 1]]
  [1m[36mTRANSACTION (0.1ms)[0m  [1m[36mbegin transaction[0m
  [1m[36mRestaurantPizza Create (0.6ms)[0m  [1m[32mINSERT INTO "restaurant_pizzas" ("price", "pizza_id", "restaurant_id", "created_at", "updated_at") VALUES (?, ?, ?, ?, ?)[0m  [["price", 3], ["pizza_id", 18], ["restaurant_id", 15], ["created_at", "2023-03-21 09:18:26.857388"], ["updated_at", "2023-03-21 09:18:26.857388"]]
  [1m[36mTRANSACTION (4.0ms)[0m  [1m[36mcommit transaction[0m
  [1m[36mRestaurant Load (0.2ms)[0m  [1m[34mSELECT "restaurants".* FROM "restaurants" ORDER BY RANDOM() LIMIT ?[0m  [["LIMIT", 1]]
  [1m[36mPizza Load (0.2ms)[0m  [1m[34mSELECT "pizzas".* FROM "pizzas" ORDER BY RANDOM() LIMIT ?[0m  [["LIMIT", 1]]
  [1m[36mTRANSACTION (0.0ms)[0m  [1m[36mbegin transaction[0m
  [1m[36mRestaurantPizza Create (0.3ms)[0m  [1m[32mINSERT INTO "restaurant_pizzas" ("price", "pizza_id", "restaurant_id", "created_at", "updated_at") VALUES (?, ?, ?, ?, ?)[0m  [["price", 10], ["pizza_id", 8], ["restaurant_id", 20], ["created_at", "2023-03-21 09:18:26.870023"], ["updated_at", "2023-03-21 09:18:26.870023"]]
  [1m[36mTRANSACTION (3.6ms)[0m  [1m[36mcommit transaction[0m
  [1m[36mRestaurant Load (0.2ms)[0m  [1m[34mSELECT "restaurants".* FROM "restaurants" ORDER BY RANDOM() LIMIT ?[0m  [["LIMIT", 1]]
  [1m[36mPizza Load (0.2ms)[0m  [1m[34mSELECT "pizzas".* FROM "pizzas" ORDER BY RANDOM() LIMIT ?[0m  [["LIMIT", 1]]
  [1m[36mTRANSACTION (0.0ms)[0m  [1m[36mbegin transaction[0m
  [1m[36mRestaurantPizza Create (0.4ms)[0m  [1m[32mINSERT INTO "restaurant_pizzas" ("price", "pizza_id", "restaurant_id", "created_at", "updated_at") VALUES (?, ?, ?, ?, ?)[0m  [["price", 3], ["pizza_id", 15], ["restaurant_id", 2], ["created_at", "2023-03-21 09:18:26.880137"], ["updated_at", "2023-03-21 09:18:26.880137"]]
  [1m[36mTRANSACTION (7.5ms)[0m  [1m[36mcommit transaction[0m
  [1m[36mRestaurant Load (0.2ms)[0m  [1m[34mSELECT "restaurants".* FROM "restaurants" ORDER BY RANDOM() LIMIT ?[0m  [["LIMIT", 1]]
  [1m[36mPizza Load (0.2ms)[0m  [1m[34mSELECT "pizzas".* FROM "pizzas" ORDER BY RANDOM() LIMIT ?[0m  [["LIMIT", 1]]
  [1m[36mTRANSACTION (0.1ms)[0m  [1m[36mbegin transaction[0m
  [1m[36mRestaurantPizza Create (0.5ms)[0m  [1m[32mINSERT INTO "restaurant_pizzas" ("price", "pizza_id", "restaurant_id", "created_at", "updated_at") VALUES (?, ?, ?, ?, ?)[0m  [["price", 6], ["pizza_id", 7], ["restaurant_id", 3], ["created_at", "2023-03-21 09:18:26.894422"], ["updated_at", "2023-03-21 09:18:26.894422"]]
  [1m[36mTRANSACTION (4.1ms)[0m  [1m[36mcommit transaction[0m
  [1m[36mRestaurant Load (0.3ms)[0m  [1m[34mSELECT "restaurants".* FROM "restaurants" ORDER BY RANDOM() LIMIT ?[0m  [["LIMIT", 1]]
  [1m[36mPizza Load (0.3ms)[0m  [1m[34mSELECT "pizzas".* FROM "pizzas" ORDER BY RANDOM() LIMIT ?[0m  [["LIMIT", 1]]
  [1m[36mTRANSACTION (0.1ms)[0m  [1m[36mbegin transaction[0m
  [1m[36mRestaurantPizza Create (0.4ms)[0m  [1m[32mINSERT INTO "restaurant_pizzas" ("price", "pizza_id", "restaurant_id", "created_at", "updated_at") VALUES (?, ?, ?, ?, ?)[0m  [["price", 2], ["pizza_id", 1], ["restaurant_id", 29], ["created_at", "2023-03-21 09:18:26.907461"], ["updated_at", "2023-03-21 09:18:26.907461"]]
  [1m[36mTRANSACTION (5.6ms)[0m  [1m[36mcommit transaction[0m
  [1m[36mRestaurant Load (0.2ms)[0m  [1m[34mSELECT "restaurants".* FROM "restaurants" ORDER BY RANDOM() LIMIT ?[0m  [["LIMIT", 1]]
  [1m[36mPizza Load (0.1ms)[0m  [1m[34mSELECT "pizzas".* FROM "pizzas" ORDER BY RANDOM() LIMIT ?[0m  [["LIMIT", 1]]
  [1m[36mTRANSACTION (0.0ms)[0m  [1m[36mbegin transaction[0m
  [1m[36mRestaurantPizza Create (0.3ms)[0m  [1m[32mINSERT INTO "restaurant_pizzas" ("price", "pizza_id", "restaurant_id", "created_at", "updated_at") VALUES (?, ?, ?, ?, ?)[0m  [["price", 8], ["pizza_id", 7], ["restaurant_id", 27], ["created_at", "2023-03-21 09:18:26.918946"], ["updated_at", "2023-03-21 09:18:26.918946"]]
  [1m[36mTRANSACTION (3.9ms)[0m  [1m[36mcommit transaction[0m
  [1m[36mRestaurant Load (0.2ms)[0m  [1m[34mSELECT "restaurants".* FROM "restaurants" ORDER BY RANDOM() LIMIT ?[0m  [["LIMIT", 1]]
  [1m[36mPizza Load (0.1ms)[0m  [1m[34mSELECT "pizzas".* FROM "pizzas" ORDER BY RANDOM() LIMIT ?[0m  [["LIMIT", 1]]
  [1m[36mTRANSACTION (0.0ms)[0m  [1m[36mbegin transaction[0m
  [1m[36mRestaurantPizza Create (0.3ms)[0m  [1m[32mINSERT INTO "restaurant_pizzas" ("price", "pizza_id", "restaurant_id", "created_at", "updated_at") VALUES (?, ?, ?, ?, ?)[0m  [["price", 4], ["pizza_id", 19], ["restaurant_id", 12], ["created_at", "2023-03-21 09:18:26.928667"], ["updated_at", "2023-03-21 09:18:26.928667"]]
  [1m[36mTRANSACTION (4.1ms)[0m  [1m[36mcommit transaction[0m
  [1m[36mRestaurant Load (0.2ms)[0m  [1m[34mSELECT "restaurants".* FROM "restaurants" ORDER BY RANDOM() LIMIT ?[0m  [["LIMIT", 1]]
  [1m[36mPizza Load (0.1ms)[0m  [1m[34mSELECT "pizzas".* FROM "pizzas" ORDER BY RANDOM() LIMIT ?[0m  [["LIMIT", 1]]
  [1m[36mTRANSACTION (0.0ms)[0m  [1m[36mbegin transaction[0m
  [1m[36mRestaurantPizza Create (0.3ms)[0m  [1m[32mINSERT INTO "restaurant_pizzas" ("price", "pizza_id", "restaurant_id", "created_at", "updated_at") VALUES (?, ?, ?, ?, ?)[0m  [["price", 6], ["pizza_id", 22], ["restaurant_id", 9], ["created_at", "2023-03-21 09:18:26.937878"], ["updated_at", "2023-03-21 09:18:26.937878"]]
  [1m[36mTRANSACTION (3.9ms)[0m  [1m[36mcommit transaction[0m
  [1m[36mRestaurant Load (0.2ms)[0m  [1m[34mSELECT "restaurants".* FROM "restaurants" ORDER BY RANDOM() LIMIT ?[0m  [["LIMIT", 1]]
  [1m[36mPizza Load (0.1ms)[0m  [1m[34mSELECT "pizzas".* FROM "pizzas" ORDER BY RANDOM() LIMIT ?[0m  [["LIMIT", 1]]
  [1m[36mTRANSACTION (0.0ms)[0m  [1m[36mbegin transaction[0m
  [1m[36mRestaurantPizza Create (0.3ms)[0m  [1m[32mINSERT INTO "restaurant_pizzas" ("price", "pizza_id", "restaurant_id", "created_at", "updated_at") VALUES (?, ?, ?, ?, ?)[0m  [["price", 3], ["pizza_id", 14], ["restaurant_id", 11], ["created_at", "2023-03-21 09:18:26.947236"], ["updated_at", "2023-03-21 09:18:26.947236"]]
  [1m[36mTRANSACTION (3.9ms)[0m  [1m[36mcommit transaction[0m
  [1m[36mRestaurant Load (0.2ms)[0m  [1m[34mSELECT "restaurants".* FROM "restaurants" ORDER BY RANDOM() LIMIT ?[0m  [["LIMIT", 1]]
  [1m[36mPizza Load (0.2ms)[0m  [1m[34mSELECT "pizzas".* FROM "pizzas" ORDER BY RANDOM() LIMIT ?[0m  [["LIMIT", 1]]
  [1m[36mTRANSACTION (0.0ms)[0m  [1m[36mbegin transaction[0m
  [1m[36mRestaurantPizza Create (0.3ms)[0m  [1m[32mINSERT INTO "restaurant_pizzas" ("price", "pizza_id", "restaurant_id", "created_at", "updated_at") VALUES (?, ?, ?, ?, ?)[0m  [["price", 2], ["pizza_id", 2], ["restaurant_id", 13], ["created_at", "2023-03-21 09:18:26.956237"], ["updated_at", "2023-03-21 09:18:26.956237"]]
  [1m[36mTRANSACTION (5.8ms)[0m  [1m[36mcommit transaction[0m
  [1m[36mRestaurant Load (0.2ms)[0m  [1m[34mSELECT "restaurants".* FROM "restaurants" ORDER BY RANDOM() LIMIT ?[0m  [["LIMIT", 1]]
  [1m[36mPizza Load (0.2ms)[0m  [1m[34mSELECT "pizzas".* FROM "pizzas" ORDER BY RANDOM() LIMIT ?[0m  [["LIMIT", 1]]
  [1m[36mTRANSACTION (0.0ms)[0m  [1m[36mbegin transaction[0m
  [1m[36mRestaurantPizza Create (0.3ms)[0m  [1m[32mINSERT INTO "restaurant_pizzas" ("price", "pizza_id", "restaurant_id", "created_at", "updated_at") VALUES (?, ?, ?, ?, ?)[0m  [["price", 1], ["pizza_id", 10], ["restaurant_id", 18], ["created_at", "2023-03-21 09:18:26.967568"], ["updated_at", "2023-03-21 09:18:26.967568"]]
  [1m[36mTRANSACTION (4.1ms)[0m  [1m[36mcommit transaction[0m
  [1m[36mRestaurant Load (0.2ms)[0m  [1m[34mSELECT "restaurants".* FROM "restaurants" ORDER BY RANDOM() LIMIT ?[0m  [["LIMIT", 1]]
  [1m[36mPizza Load (0.1ms)[0m  [1m[34mSELECT "pizzas".* FROM "pizzas" ORDER BY RANDOM() LIMIT ?[0m  [["LIMIT", 1]]
  [1m[36mTRANSACTION (0.0ms)[0m  [1m[36mbegin transaction[0m
  [1m[36mRestaurantPizza Create (0.3ms)[0m  [1m[32mINSERT INTO "restaurant_pizzas" ("price", "pizza_id", "restaurant_id", "created_at", "updated_at") VALUES (?, ?, ?, ?, ?)[0m  [["price", 12], ["pizza_id", 21], ["restaurant_id", 9], ["created_at", "2023-03-21 09:18:26.976915"], ["updated_at", "2023-03-21 09:18:26.976915"]]
  [1m[36mTRANSACTION (5.7ms)[0m  [1m[36mcommit transaction[0m
  [1m[36mRestaurant Load (0.2ms)[0m  [1m[34mSELECT "restaurants".* FROM "restaurants" ORDER BY RANDOM() LIMIT ?[0m  [["LIMIT", 1]]
  [1m[36mPizza Load (0.1ms)[0m  [1m[34mSELECT "pizzas".* FROM "pizzas" ORDER BY RANDOM() LIMIT ?[0m  [["LIMIT", 1]]
  [1m[36mTRANSACTION (0.0ms)[0m  [1m[36mbegin transaction[0m
  [1m[36mRestaurantPizza Create (0.3ms)[0m  [1m[32mINSERT INTO "restaurant_pizzas" ("price", "pizza_id", "restaurant_id", "created_at", "updated_at") VALUES (?, ?, ?, ?, ?)[0m  [["price", 9], ["pizza_id", 19], ["restaurant_id", 10], ["created_at", "2023-03-21 09:18:26.987491"], ["updated_at", "2023-03-21 09:18:26.987491"]]
  [1m[36mTRANSACTION (4.2ms)[0m  [1m[36mcommit transaction[0m
  [1m[36mRestaurant Load (0.2ms)[0m  [1m[34mSELECT "restaurants".* FROM "restaurants" ORDER BY RANDOM() LIMIT ?[0m  [["LIMIT", 1]]
  [1m[36mPizza Load (0.2ms)[0m  [1m[34mSELECT "pizzas".* FROM "pizzas" ORDER BY RANDOM() LIMIT ?[0m  [["LIMIT", 1]]
  [1m[36mTRANSACTION (0.0ms)[0m  [1m[36mbegin transaction[0m
  [1m[36mRestaurantPizza Create (0.3ms)[0m  [1m[32mINSERT INTO "restaurant_pizzas" ("price", "pizza_id", "restaurant_id", "created_at", "updated_at") VALUES (?, ?, ?, ?, ?)[0m  [["price", 11], ["pizza_id", 12], ["restaurant_id", 12], ["created_at", "2023-03-21 09:18:26.996653"], ["updated_at", "2023-03-21 09:18:26.996653"]]
  [1m[36mTRANSACTION (4.7ms)[0m  [1m[36mcommit transaction[0m
  [1m[36mRestaurant Load (0.7ms)[0m  [1m[34mSELECT "restaurants".* FROM "restaurants" ORDER BY RANDOM() LIMIT ?[0m  [["LIMIT", 1]]
  [1m[36mPizza Load (0.4ms)[0m  [1m[34mSELECT "pizzas".* FROM "pizzas" ORDER BY RANDOM() LIMIT ?[0m  [["LIMIT", 1]]
  [1m[36mTRANSACTION (0.1ms)[0m  [1m[36mbegin transaction[0m
  [1m[36mRestaurantPizza Create (1.0ms)[0m  [1m[32mINSERT INTO "restaurant_pizzas" ("price", "pizza_id", "restaurant_id", "created_at", "updated_at") VALUES (?, ?, ?, ?, ?)[0m  [["price", 4], ["pizza_id", 3], ["restaurant_id", 24], ["created_at", "2023-03-21 09:18:27.014249"], ["updated_at", "2023-03-21 09:18:27.014249"]]
  [1m[36mTRANSACTION (7.1ms)[0m  [1m[36mcommit transaction[0m
Started GET "/restaurants" for 127.0.0.1 at 2023-03-21 12:18:43 +0300
Processing by RestaurantsController#index as */*
  [1m[36mRestaurant Load (0.4ms)[0m  [1m[34mSELECT "restaurants".* FROM "restaurants"[0m
  ↳ app/controllers/restaurants_controller.rb:6:in `index'
Completed 200 OK in 38ms (Views: 37.4ms | ActiveRecord: 3.7ms | Allocations: 18680)


Started GET "/pizza" for 127.0.0.1 at 2023-03-21 12:18:57 +0300
  
ActionController::RoutingError (No route matches [GET] "/pizza"):
  
Started GET "/pizzas" for 127.0.0.1 at 2023-03-21 12:18:59 +0300
Processing by PizzasController#index as */*
  [1m[36mPizza Load (0.4ms)[0m  [1m[34mSELECT "pizzas".* FROM "pizzas"[0m
  ↳ app/controllers/pizzas_controller.rb:4:in `index'
Completed 200 OK in 37ms (Views: 0.2ms | ActiveRecord: 1.6ms | Allocations: 18079)


Started GET "/pizzas" for ::1 at 2023-03-21 12:22:48 +0300
Processing by PizzasController#index as HTML
  [1m[36mPizza Load (0.4ms)[0m  [1m[34mSELECT "pizzas".* FROM "pizzas"[0m
  ↳ app/controllers/pizzas_controller.rb:4:in `index'
Completed 200 OK in 5ms (Views: 0.1ms | ActiveRecord: 0.4ms | Allocations: 2125)


Started GET "/restaurant_pizzas" for ::1 at 2023-03-21 12:23:02 +0300
  
Zeitwerk::NameError (expected file /home/sandra/Development/projects/phase-4-code-challenges/phase-4-code-challenge/pizzas/app/controllers/restaurant_pizzas_controller.rb to define constant RestaurantPizzasController, but didn't):
  
zeitwerk (2.6.7) lib/zeitwerk/loader/callbacks.rb:25:in `on_file_autoloaded'
zeitwerk (2.6.7) lib/zeitwerk/kernel.rb:31:in `require'
activesupport (7.0.4.3) lib/active_support/inflector/methods.rb:280:in `const_get'
activesupport (7.0.4.3) lib/active_support/inflector/methods.rb:280:in `constantize'
activesupport (7.0.4.3) lib/active_support/core_ext/string/inflections.rb:74:in `constantize'
actionpack (7.0.4.3) lib/action_dispatch/http/request.rb:90:in `controller_class_for'
actionpack (7.0.4.3) lib/action_dispatch/request/utils.rb:95:in `action_encoding_template'
actionpack (7.0.4.3) lib/action_dispatch/request/utils.rb:83:in `encode'
actionpack (7.0.4.3) lib/action_dispatch/request/utils.rb:45:in `set_binary_encoding'
actionpack (7.0.4.3) lib/action_dispatch/http/parameters.rb:68:in `path_parameters='
actionpack (7.0.4.3) lib/action_dispatch/journey/router.rb:48:in `block in serve'
actionpack (7.0.4.3) lib/action_dispatch/journey/router.rb:32:in `each'
actionpack (7.0.4.3) lib/action_dispatch/journey/router.rb:32:in `serve'
actionpack (7.0.4.3) lib/action_dispatch/routing/route_set.rb:852:in `call'
rack (2.2.6.4) lib/rack/etag.rb:27:in `call'
rack (2.2.6.4) lib/rack/conditional_get.rb:27:in `call'
rack (2.2.6.4) lib/rack/head.rb:12:in `call'
activerecord (7.0.4.3) lib/active_record/migration.rb:603:in `call'
actionpack (7.0.4.3) lib/action_dispatch/middleware/callbacks.rb:27:in `block in call'
activesupport (7.0.4.3) lib/active_support/callbacks.rb:99:in `run_callbacks'
actionpack (7.0.4.3) lib/action_dispatch/middleware/callbacks.rb:26:in `call'
actionpack (7.0.4.3) lib/action_dispatch/middleware/executor.rb:14:in `call'
actionpack (7.0.4.3) lib/action_dispatch/middleware/actionable_exceptions.rb:17:in `call'
actionpack (7.0.4.3) lib/action_dispatch/middleware/debug_exceptions.rb:28:in `call'
actionpack (7.0.4.3) lib/action_dispatch/middleware/show_exceptions.rb:26:in `call'
railties (7.0.4.3) lib/rails/rack/logger.rb:40:in `call_app'
railties (7.0.4.3) lib/rails/rack/logger.rb:25:in `block in call'
activesupport (7.0.4.3) lib/active_support/tagged_logging.rb:99:in `block in tagged'
activesupport (7.0.4.3) lib/active_support/tagged_logging.rb:37:in `tagged'
activesupport (7.0.4.3) lib/active_support/tagged_logging.rb:99:in `tagged'
railties (7.0.4.3) lib/rails/rack/logger.rb:25:in `call'
actionpack (7.0.4.3) lib/action_dispatch/middleware/remote_ip.rb:93:in `call'
actionpack (7.0.4.3) lib/action_dispatch/middleware/request_id.rb:26:in `call'
rack (2.2.6.4) lib/rack/runtime.rb:22:in `call'
activesupport (7.0.4.3) lib/active_support/cache/strategy/local_cache_middleware.rb:29:in `call'
actionpack (7.0.4.3) lib/action_dispatch/middleware/server_timing.rb:61:in `block in call'
actionpack (7.0.4.3) lib/action_dispatch/middleware/server_timing.rb:26:in `collect_events'
actionpack (7.0.4.3) lib/action_dispatch/middleware/server_timing.rb:60:in `call'
actionpack (7.0.4.3) lib/action_dispatch/middleware/executor.rb:14:in `call'
actionpack (7.0.4.3) lib/action_dispatch/middleware/static.rb:23:in `call'
rack (2.2.6.4) lib/rack/sendfile.rb:110:in `call'
actionpack (7.0.4.3) lib/action_dispatch/middleware/host_authorization.rb:137:in `call'
railties (7.0.4.3) lib/rails/engine.rb:530:in `call'
puma (5.6.5) lib/puma/configuration.rb:252:in `call'
puma (5.6.5) lib/puma/request.rb:77:in `block in handle_request'
puma (5.6.5) lib/puma/thread_pool.rb:340:in `with_force_shutdown'
puma (5.6.5) lib/puma/request.rb:76:in `handle_request'
puma (5.6.5) lib/puma/server.rb:443:in `process_client'
puma (5.6.5) lib/puma/thread_pool.rb:147:in `block in spawn_thread'
Started GET "/restaurant_pizzas" for ::1 at 2023-03-21 12:23:04 +0300
  
ActionController::RoutingError (uninitialized constant RestaurantPizzasController
Did you mean?  RestaurantsPizzasController
               RestaurantsController):
  
